2024-07-01T11:42:09.416+05:30  INFO 21840 --- [fmsbms] [restartedMain] com.project.fmsbms.FmsbmsApplication     : Starting FmsbmsApplication using Java 17.0.9 with PID 21840 (D:\NumberPortabilityPortal\fmsbms\target\classes started by supriya.j in D:\NumberPortabilityPortal\fmsbms)
2024-07-01T11:42:09.419+05:30  INFO 21840 --- [fmsbms] [restartedMain] com.project.fmsbms.FmsbmsApplication     : No active profile set, falling back to 1 default profile: "default"
2024-07-01T11:42:09.468+05:30  INFO 21840 --- [fmsbms] [restartedMain] .e.DevToolsPropertyDefaultsPostProcessor : Devtools property defaults active! Set 'spring.devtools.add-properties' to 'false' to disable
2024-07-01T11:42:09.468+05:30  INFO 21840 --- [fmsbms] [restartedMain] .e.DevToolsPropertyDefaultsPostProcessor : For additional web related logging consider setting the 'logging.level.web' property to 'DEBUG'
2024-07-01T11:42:10.459+05:30  INFO 21840 --- [fmsbms] [restartedMain] .s.d.r.c.RepositoryConfigurationDelegate : Bootstrapping Spring Data JPA repositories in DEFAULT mode.
2024-07-01T11:42:10.547+05:30  INFO 21840 --- [fmsbms] [restartedMain] .s.d.r.c.RepositoryConfigurationDelegate : Finished Spring Data repository scanning in 75 ms. Found 2 JPA repository interfaces.
2024-07-01T11:42:11.242+05:30  INFO 21840 --- [fmsbms] [restartedMain] o.s.b.w.embedded.tomcat.TomcatWebServer  : Tomcat initialized with port 8080 (http)
2024-07-01T11:42:11.260+05:30  INFO 21840 --- [fmsbms] [restartedMain] o.apache.catalina.core.StandardService   : Starting service [Tomcat]
2024-07-01T11:42:11.262+05:30  INFO 21840 --- [fmsbms] [restartedMain] o.apache.catalina.core.StandardEngine    : Starting Servlet engine: [Apache Tomcat/10.1.25]
2024-07-01T11:42:11.363+05:30  INFO 21840 --- [fmsbms] [restartedMain] o.a.c.c.C.[Tomcat].[localhost].[/]       : Initializing Spring embedded WebApplicationContext
2024-07-01T11:42:11.363+05:30  INFO 21840 --- [fmsbms] [restartedMain] w.s.c.ServletWebServerApplicationContext : Root WebApplicationContext: initialization completed in 1888 ms
2024-07-01T11:42:11.563+05:30  INFO 21840 --- [fmsbms] [restartedMain] o.hibernate.jpa.internal.util.LogHelper  : HHH000204: Processing PersistenceUnitInfo [name: default]
2024-07-01T11:42:11.662+05:30  INFO 21840 --- [fmsbms] [restartedMain] org.hibernate.Version                    : HHH000412: Hibernate ORM core version 6.5.2.Final
2024-07-01T11:42:11.721+05:30  INFO 21840 --- [fmsbms] [restartedMain] o.h.c.internal.RegionFactoryInitiator    : HHH000026: Second-level cache disabled
2024-07-01T11:42:12.183+05:30  INFO 21840 --- [fmsbms] [restartedMain] o.s.o.j.p.SpringPersistenceUnitInfo      : No LoadTimeWeaver setup: ignoring JPA class transformer
2024-07-01T11:42:12.225+05:30  INFO 21840 --- [fmsbms] [restartedMain] com.zaxxer.hikari.HikariDataSource       : HikariPool-1 - Starting...
2024-07-01T11:42:12.637+05:30  INFO 21840 --- [fmsbms] [restartedMain] com.zaxxer.hikari.pool.HikariPool        : HikariPool-1 - Added connection com.mysql.cj.jdbc.ConnectionImpl@7ab05209
2024-07-01T11:42:12.640+05:30  INFO 21840 --- [fmsbms] [restartedMain] com.zaxxer.hikari.HikariDataSource       : HikariPool-1 - Start completed.
2024-07-01T11:42:12.700+05:30  WARN 21840 --- [fmsbms] [restartedMain] org.hibernate.dialect.Dialect            : HHH000511: The 5.7.44 version for [org.hibernate.dialect.MySQLDialect] is no longer supported, hence certain features may not work properly. The minimum supported version is 8.0.0. Check the community dialects project for available legacy versions.
2024-07-01T11:42:12.708+05:30  WARN 21840 --- [fmsbms] [restartedMain] org.hibernate.orm.deprecation            : HHH90000025: MySQLDialect does not need to be specified explicitly using 'hibernate.dialect' (remove the property setting and it will be selected by default)
2024-07-01T11:42:13.910+05:30  INFO 21840 --- [fmsbms] [restartedMain] o.h.e.t.j.p.i.JtaPlatformInitiator       : HHH000489: No JTA platform available (set 'hibernate.transaction.jta.platform' to enable JTA platform integration)
2024-07-01T11:42:14.051+05:30  INFO 21840 --- [fmsbms] [restartedMain] j.LocalContainerEntityManagerFactoryBean : Initialized JPA EntityManagerFactory for persistence unit 'default'
2024-07-01T11:42:14.532+05:30  INFO 21840 --- [fmsbms] [restartedMain] eAuthenticationProviderManagerConfigurer : Global AuthenticationManager configured with AuthenticationProvider bean with name authenticationProvider
2024-07-01T11:42:14.534+05:30  WARN 21840 --- [fmsbms] [restartedMain] r$InitializeUserDetailsManagerConfigurer : Global AuthenticationManager configured with an AuthenticationProvider bean. UserDetailsService beans will not be used for username/password login. Consider removing the AuthenticationProvider bean. Alternatively, consider using the UserDetailsService in a manually instantiated DaoAuthenticationProvider.
2024-07-01T11:42:14.689+05:30  WARN 21840 --- [fmsbms] [restartedMain] JpaBaseConfiguration$JpaWebConfiguration : spring.jpa.open-in-view is enabled by default. Therefore, database queries may be performed during view rendering. Explicitly configure spring.jpa.open-in-view to disable this warning
2024-07-01T11:42:15.371+05:30  INFO 21840 --- [fmsbms] [restartedMain] o.s.b.d.a.OptionalLiveReloadServer       : LiveReload server is running on port 35729
2024-07-01T11:42:15.427+05:30  INFO 21840 --- [fmsbms] [restartedMain] o.s.b.w.embedded.tomcat.TomcatWebServer  : Tomcat started on port 8080 (http) with context path '/'
2024-07-01T11:42:15.438+05:30  INFO 21840 --- [fmsbms] [restartedMain] com.project.fmsbms.FmsbmsApplication     : Started FmsbmsApplication in 6.531 seconds (process running for 7.501)
2024-07-01T11:47:55.631+05:30  INFO 21840 --- [fmsbms] [http-nio-8080-exec-1] o.a.c.c.C.[Tomcat].[localhost].[/]       : Initializing Spring DispatcherServlet 'dispatcherServlet'
2024-07-01T11:47:55.631+05:30  INFO 21840 --- [fmsbms] [http-nio-8080-exec-1] o.s.web.servlet.DispatcherServlet        : Initializing Servlet 'dispatcherServlet'
2024-07-01T11:47:55.631+05:30  INFO 21840 --- [fmsbms] [http-nio-8080-exec-1] o.s.web.servlet.DispatcherServlet        : Completed initialization in 0 ms
2024-07-01T11:47:56.363+05:30  INFO 21840 --- [fmsbms] [http-nio-8080-exec-8] o.springdoc.api.AbstractOpenApiResource  : Init duration for springdoc-openapi is: 331 ms
2024-07-01T11:48:09.389+05:30  INFO 21840 --- [fmsbms] [http-nio-8080-exec-9] c.p.fmsbms.controller.AuthController     : signin
2024-07-01T11:48:09.596+05:30  INFO 21840 --- [fmsbms] [http-nio-8080-exec-9] c.p.f.service.UserEntityServiceImpl      : User found
2024-07-01T11:48:09.727+05:30  INFO 21840 --- [fmsbms] [http-nio-8080-exec-9] c.p.fmsbms.service.RoleServiceImpl       : Role found
2024-07-01T11:48:09.785+05:30  INFO 21840 --- [fmsbms] [http-nio-8080-exec-9] c.p.f.service.UserEntityServiceImpl      : User added successfully !!
2024-07-01T11:48:09.785+05:30  INFO 21840 --- [fmsbms] [http-nio-8080-exec-9] c.p.fmsbms.controller.AuthController     : User registered successfully!
2024-07-01T11:48:43.120+05:30  INFO 21840 --- [fmsbms] [http-nio-8080-exec-10] c.p.fmsbms.controller.AuthController     : signin
2024-07-01T11:48:43.262+05:30  INFO 21840 --- [fmsbms] [http-nio-8080-exec-10] c.p.f.service.UserEntityServiceImpl      : User found
2024-07-01T11:49:01.460+05:30  INFO 21840 --- [fmsbms] [http-nio-8080-exec-4] c.p.f.service.UserEntityServiceImpl      : User found
2024-07-01T11:49:43.289+05:30  INFO 21840 --- [fmsbms] [http-nio-8080-exec-4] c.p.fmsbms.controller.AuthController     : signin
2024-07-01T11:49:43.289+05:30  INFO 21840 --- [fmsbms] [http-nio-8080-exec-4] c.p.f.service.UserEntityServiceImpl      : User found
2024-07-01T11:49:58.158+05:30  INFO 21840 --- [fmsbms] [http-nio-8080-exec-6] c.p.f.service.UserEntityServiceImpl      : User found
2024-07-01T11:55:53.391+05:30  INFO 21840 --- [fmsbms] [RMI TCP Connection(17)-127.0.0.1] inMXBeanRegistrar$SpringApplicationAdmin : Application shutdown requested.
2024-07-01T11:55:53.692+05:30  INFO 21840 --- [fmsbms] [RMI TCP Connection(17)-127.0.0.1] j.LocalContainerEntityManagerFactoryBean : Closing JPA EntityManagerFactory for persistence unit 'default'
2024-07-01T11:55:53.697+05:30  INFO 21840 --- [fmsbms] [RMI TCP Connection(17)-127.0.0.1] com.zaxxer.hikari.HikariDataSource       : HikariPool-1 - Shutdown initiated...
2024-07-01T11:55:53.706+05:30  INFO 21840 --- [fmsbms] [RMI TCP Connection(17)-127.0.0.1] com.zaxxer.hikari.HikariDataSource       : HikariPool-1 - Shutdown completed.
