2024-07-03T11:30:12.119+05:30  INFO 15840 --- [fmsbms] [main] c.project.fmsbms.FmsbmsApplicationTests  : Starting FmsbmsApplicationTests using Java 17.0.9 with PID 15840 (started by supriya.j in D:\NumberPortabilityPortal\fmsbms)
2024-07-03T11:30:12.130+05:30  INFO 15840 --- [fmsbms] [main] c.project.fmsbms.FmsbmsApplicationTests  : No active profile set, falling back to 1 default profile: "default"
2024-07-03T11:30:14.303+05:30  INFO 15840 --- [fmsbms] [main] .s.d.r.c.RepositoryConfigurationDelegate : Bootstrapping Spring Data JPA repositories in DEFAULT mode.
2024-07-03T11:30:14.491+05:30  INFO 15840 --- [fmsbms] [main] .s.d.r.c.RepositoryConfigurationDelegate : Finished Spring Data repository scanning in 171 ms. Found 11 JPA repository interfaces.
2024-07-03T11:30:15.574+05:30  INFO 15840 --- [fmsbms] [main] o.hibernate.jpa.internal.util.LogHelper  : HHH000204: Processing PersistenceUnitInfo [name: default]
2024-07-03T11:30:15.709+05:30  INFO 15840 --- [fmsbms] [main] org.hibernate.Version                    : HHH000412: Hibernate ORM core version 6.5.2.Final
2024-07-03T11:30:15.841+05:30  INFO 15840 --- [fmsbms] [main] o.h.c.internal.RegionFactoryInitiator    : HHH000026: Second-level cache disabled
2024-07-03T11:30:16.882+05:30  INFO 15840 --- [fmsbms] [main] o.s.o.j.p.SpringPersistenceUnitInfo      : No LoadTimeWeaver setup: ignoring JPA class transformer
2024-07-03T11:30:16.943+05:30  INFO 15840 --- [fmsbms] [main] com.zaxxer.hikari.HikariDataSource       : HikariPool-1 - Starting...
2024-07-03T11:30:17.591+05:30  INFO 15840 --- [fmsbms] [main] com.zaxxer.hikari.pool.HikariPool        : HikariPool-1 - Added connection com.mysql.cj.jdbc.ConnectionImpl@5f76d1a0
2024-07-03T11:30:17.596+05:30  INFO 15840 --- [fmsbms] [main] com.zaxxer.hikari.HikariDataSource       : HikariPool-1 - Start completed.
2024-07-03T11:30:17.703+05:30  WARN 15840 --- [fmsbms] [main] org.hibernate.dialect.Dialect            : HHH000511: The 5.7.44 version for [org.hibernate.dialect.MySQLDialect] is no longer supported, hence certain features may not work properly. The minimum supported version is 8.0.0. Check the community dialects project for available legacy versions.
2024-07-03T11:30:17.716+05:30  WARN 15840 --- [fmsbms] [main] org.hibernate.orm.deprecation            : HHH90000025: MySQLDialect does not need to be specified explicitly using 'hibernate.dialect' (remove the property setting and it will be selected by default)
2024-07-03T11:30:19.695+05:30  INFO 15840 --- [fmsbms] [main] o.h.e.t.j.p.i.JtaPlatformInitiator       : HHH000489: No JTA platform available (set 'hibernate.transaction.jta.platform' to enable JTA platform integration)
2024-07-03T11:30:20.485+05:30  INFO 15840 --- [fmsbms] [main] j.LocalContainerEntityManagerFactoryBean : Initialized JPA EntityManagerFactory for persistence unit 'default'
2024-07-03T11:30:21.316+05:30  WARN 15840 --- [fmsbms] [main] o.s.w.c.s.GenericWebApplicationContext   : Exception encountered during context initialization - cancelling refresh attempt: org.springframework.beans.factory.UnsatisfiedDependencyException: Error creating bean with name 'adminController': Unsatisfied dependency expressed through field 'planService': No qualifying bean of type 'com.project.fmsbms.service.PlanService' available: expected at least 1 bean which qualifies as autowire candidate. Dependency annotations: {@org.springframework.beans.factory.annotation.Autowired(required=true)}
2024-07-03T11:30:21.319+05:30  INFO 15840 --- [fmsbms] [main] j.LocalContainerEntityManagerFactoryBean : Closing JPA EntityManagerFactory for persistence unit 'default'
2024-07-03T11:30:21.322+05:30  INFO 15840 --- [fmsbms] [main] com.zaxxer.hikari.HikariDataSource       : HikariPool-1 - Shutdown initiated...
2024-07-03T11:30:21.331+05:30  INFO 15840 --- [fmsbms] [main] com.zaxxer.hikari.HikariDataSource       : HikariPool-1 - Shutdown completed.
2024-07-03T11:30:21.345+05:30  INFO 15840 --- [fmsbms] [main] .s.b.a.l.ConditionEvaluationReportLogger : 

Error starting ApplicationContext. To display the condition evaluation report re-run your application with 'debug' enabled.
2024-07-03T11:30:21.386+05:30 ERROR 15840 --- [fmsbms] [main] o.s.b.d.LoggingFailureAnalysisReporter   : 

***************************
APPLICATION FAILED TO START
***************************

Description:

Field planService in com.project.fmsbms.controller.AdminController required a bean of type 'com.project.fmsbms.service.PlanService' that could not be found.

The injection point has the following annotations:
	- @org.springframework.beans.factory.annotation.Autowired(required=true)


Action:

Consider defining a bean of type 'com.project.fmsbms.service.PlanService' in your configuration.

2024-07-03T11:30:21.393+05:30  WARN 15840 --- [fmsbms] [main] o.s.test.context.TestContextManager      : Caught exception while allowing TestExecutionListener [org.springframework.test.context.web.ServletTestExecutionListener] to prepare test instance [com.project.fmsbms.FmsbmsApplicationTests@2b92aca4]

java.lang.IllegalStateException: Failed to load ApplicationContext for [WebMergedContextConfiguration@ee021ff testClass = com.project.fmsbms.FmsbmsApplicationTests, locations = [], classes = [com.project.fmsbms.FmsbmsApplication], contextInitializerClasses = [], activeProfiles = [], propertySourceDescriptors = [], propertySourceProperties = ["org.springframework.boot.test.context.SpringBootTestContextBootstrapper=true"], contextCustomizers = [org.springframework.boot.test.context.filter.ExcludeFilterContextCustomizer@5af97169, org.springframework.boot.test.json.DuplicateJsonObjectContextCustomizerFactory$DuplicateJsonObjectContextCustomizer@1948ea69, org.springframework.boot.test.mock.mockito.MockitoContextCustomizer@0, org.springframework.boot.test.web.client.TestRestTemplateContextCustomizer@7abe27bf, org.springframework.boot.test.autoconfigure.actuate.observability.ObservabilityContextCustomizerFactory$DisableObservabilityContextCustomizer@1f, org.springframework.boot.test.autoconfigure.properties.PropertyMappingContextCustomizer@0, org.springframework.boot.test.autoconfigure.web.servlet.WebDriverContextCustomizer@74ad8d05, org.springframework.boot.test.context.SpringBootTestAnnotation@6b76652f], resourceBasePath = "src/main/webapp", contextLoader = org.springframework.boot.test.context.SpringBootContextLoader, parent = null]
	at org.springframework.test.context.cache.DefaultCacheAwareContextLoaderDelegate.loadContext(DefaultCacheAwareContextLoaderDelegate.java:180) ~[spring-test-6.1.10.jar:6.1.10]
	at org.springframework.test.context.support.DefaultTestContext.getApplicationContext(DefaultTestContext.java:130) ~[spring-test-6.1.10.jar:6.1.10]
	at org.springframework.test.context.web.ServletTestExecutionListener.setUpRequestContextIfNecessary(ServletTestExecutionListener.java:191) ~[spring-test-6.1.10.jar:6.1.10]
	at org.springframework.test.context.web.ServletTestExecutionListener.prepareTestInstance(ServletTestExecutionListener.java:130) ~[spring-test-6.1.10.jar:6.1.10]
	at org.springframework.test.context.TestContextManager.prepareTestInstance(TestContextManager.java:260) ~[spring-test-6.1.10.jar:6.1.10]
	at org.springframework.test.context.junit.jupiter.SpringExtension.postProcessTestInstance(SpringExtension.java:163) ~[spring-test-6.1.10.jar:6.1.10]
	at org.junit.jupiter.engine.descriptor.ClassBasedTestDescriptor.lambda$invokeTestInstancePostProcessors$10(ClassBasedTestDescriptor.java:378) ~[junit-jupiter-engine-5.10.2.jar:5.10.2]
	at org.junit.jupiter.engine.descriptor.ClassBasedTestDescriptor.executeAndMaskThrowable(ClassBasedTestDescriptor.java:383) ~[junit-jupiter-engine-5.10.2.jar:5.10.2]
	at org.junit.jupiter.engine.descriptor.ClassBasedTestDescriptor.lambda$invokeTestInstancePostProcessors$11(ClassBasedTestDescriptor.java:378) ~[junit-jupiter-engine-5.10.2.jar:5.10.2]
	at java.base/java.util.stream.ReferencePipeline$3$1.accept(ReferencePipeline.java:197) ~[na:na]
	at java.base/java.util.stream.ReferencePipeline$2$1.accept(ReferencePipeline.java:179) ~[na:na]
	at java.base/java.util.ArrayList$ArrayListSpliterator.forEachRemaining(ArrayList.java:1625) ~[na:na]
	at java.base/java.util.stream.AbstractPipeline.copyInto(AbstractPipeline.java:509) ~[na:na]
	at java.base/java.util.stream.AbstractPipeline.wrapAndCopyInto(AbstractPipeline.java:499) ~[na:na]
	at java.base/java.util.stream.StreamSpliterators$WrappingSpliterator.forEachRemaining(StreamSpliterators.java:310) ~[na:na]
	at java.base/java.util.stream.Streams$ConcatSpliterator.forEachRemaining(Streams.java:735) ~[na:na]
	at java.base/java.util.stream.Streams$ConcatSpliterator.forEachRemaining(Streams.java:734) ~[na:na]
	at java.base/java.util.stream.ReferencePipeline$Head.forEach(ReferencePipeline.java:762) ~[na:na]
	at org.junit.jupiter.engine.descriptor.ClassBasedTestDescriptor.invokeTestInstancePostProcessors(ClassBasedTestDescriptor.java:377) ~[junit-jupiter-engine-5.10.2.jar:5.10.2]
	at org.junit.jupiter.engine.descriptor.ClassBasedTestDescriptor.lambda$instantiateAndPostProcessTestInstance$6(ClassBasedTestDescriptor.java:290) ~[junit-jupiter-engine-5.10.2.jar:5.10.2]
	at org.junit.platform.engine.support.hierarchical.ThrowableCollector.execute(ThrowableCollector.java:73) ~[junit-platform-engine-1.10.2.jar:1.10.2]
	at org.junit.jupiter.engine.descriptor.ClassBasedTestDescriptor.instantiateAndPostProcessTestInstance(ClassBasedTestDescriptor.java:289) ~[junit-jupiter-engine-5.10.2.jar:5.10.2]
	at org.junit.jupiter.engine.descriptor.ClassBasedTestDescriptor.lambda$testInstancesProvider$4(ClassBasedTestDescriptor.java:279) ~[junit-jupiter-engine-5.10.2.jar:5.10.2]
	at java.base/java.util.Optional.orElseGet(Optional.java:364) ~[na:na]
	at org.junit.jupiter.engine.descriptor.ClassBasedTestDescriptor.lambda$testInstancesProvider$5(ClassBasedTestDescriptor.java:278) ~[junit-jupiter-engine-5.10.2.jar:5.10.2]
	at org.junit.jupiter.engine.execution.TestInstancesProvider.getTestInstances(TestInstancesProvider.java:31) ~[junit-jupiter-engine-5.10.2.jar:5.10.2]
	at org.junit.jupiter.engine.descriptor.TestMethodTestDescriptor.lambda$prepare$0(TestMethodTestDescriptor.java:106) ~[junit-jupiter-engine-5.10.2.jar:5.10.2]
	at org.junit.platform.engine.support.hierarchical.ThrowableCollector.execute(ThrowableCollector.java:73) ~[junit-platform-engine-1.10.2.jar:1.10.2]
	at org.junit.jupiter.engine.descriptor.TestMethodTestDescriptor.prepare(TestMethodTestDescriptor.java:105) ~[junit-jupiter-engine-5.10.2.jar:5.10.2]
	at org.junit.jupiter.engine.descriptor.TestMethodTestDescriptor.prepare(TestMethodTestDescriptor.java:69) ~[junit-jupiter-engine-5.10.2.jar:5.10.2]
	at org.junit.platform.engine.support.hierarchical.NodeTestTask.lambda$prepare$2(NodeTestTask.java:123) ~[junit-platform-engine-1.10.2.jar:1.10.2]
	at org.junit.platform.engine.support.hierarchical.ThrowableCollector.execute(ThrowableCollector.java:73) ~[junit-platform-engine-1.10.2.jar:1.10.2]
	at org.junit.platform.engine.support.hierarchical.NodeTestTask.prepare(NodeTestTask.java:123) ~[junit-platform-engine-1.10.2.jar:1.10.2]
	at org.junit.platform.engine.support.hierarchical.NodeTestTask.execute(NodeTestTask.java:90) ~[junit-platform-engine-1.10.2.jar:1.10.2]
	at java.base/java.util.ArrayList.forEach(ArrayList.java:1511) ~[na:na]
	at org.junit.platform.engine.support.hierarchical.SameThreadHierarchicalTestExecutorService.invokeAll(SameThreadHierarchicalTestExecutorService.java:41) ~[junit-platform-engine-1.10.2.jar:1.10.2]
	at org.junit.platform.engine.support.hierarchical.NodeTestTask.lambda$executeRecursively$6(NodeTestTask.java:155) ~[junit-platform-engine-1.10.2.jar:1.10.2]
	at org.junit.platform.engine.support.hierarchical.ThrowableCollector.execute(ThrowableCollector.java:73) ~[junit-platform-engine-1.10.2.jar:1.10.2]
	at org.junit.platform.engine.support.hierarchical.NodeTestTask.lambda$executeRecursively$8(NodeTestTask.java:141) ~[junit-platform-engine-1.10.2.jar:1.10.2]
	at org.junit.platform.engine.support.hierarchical.Node.around(Node.java:137) ~[junit-platform-engine-1.10.2.jar:1.10.2]
	at org.junit.platform.engine.support.hierarchical.NodeTestTask.lambda$executeRecursively$9(NodeTestTask.java:139) ~[junit-platform-engine-1.10.2.jar:1.10.2]
	at org.junit.platform.engine.support.hierarchical.ThrowableCollector.execute(ThrowableCollector.java:73) ~[junit-platform-engine-1.10.2.jar:1.10.2]
	at org.junit.platform.engine.support.hierarchical.NodeTestTask.executeRecursively(NodeTestTask.java:138) ~[junit-platform-engine-1.10.2.jar:1.10.2]
	at org.junit.platform.engine.support.hierarchical.NodeTestTask.execute(NodeTestTask.java:95) ~[junit-platform-engine-1.10.2.jar:1.10.2]
	at java.base/java.util.ArrayList.forEach(ArrayList.java:1511) ~[na:na]
	at org.junit.platform.engine.support.hierarchical.SameThreadHierarchicalTestExecutorService.invokeAll(SameThreadHierarchicalTestExecutorService.java:41) ~[junit-platform-engine-1.10.2.jar:1.10.2]
	at org.junit.platform.engine.support.hierarchical.NodeTestTask.lambda$executeRecursively$6(NodeTestTask.java:155) ~[junit-platform-engine-1.10.2.jar:1.10.2]
	at org.junit.platform.engine.support.hierarchical.ThrowableCollector.execute(ThrowableCollector.java:73) ~[junit-platform-engine-1.10.2.jar:1.10.2]
	at org.junit.platform.engine.support.hierarchical.NodeTestTask.lambda$executeRecursively$8(NodeTestTask.java:141) ~[junit-platform-engine-1.10.2.jar:1.10.2]
	at org.junit.platform.engine.support.hierarchical.Node.around(Node.java:137) ~[junit-platform-engine-1.10.2.jar:1.10.2]
	at org.junit.platform.engine.support.hierarchical.NodeTestTask.lambda$executeRecursively$9(NodeTestTask.java:139) ~[junit-platform-engine-1.10.2.jar:1.10.2]
	at org.junit.platform.engine.support.hierarchical.ThrowableCollector.execute(ThrowableCollector.java:73) ~[junit-platform-engine-1.10.2.jar:1.10.2]
	at org.junit.platform.engine.support.hierarchical.NodeTestTask.executeRecursively(NodeTestTask.java:138) ~[junit-platform-engine-1.10.2.jar:1.10.2]
	at org.junit.platform.engine.support.hierarchical.NodeTestTask.execute(NodeTestTask.java:95) ~[junit-platform-engine-1.10.2.jar:1.10.2]
	at org.junit.platform.engine.support.hierarchical.SameThreadHierarchicalTestExecutorService.submit(SameThreadHierarchicalTestExecutorService.java:35) ~[junit-platform-engine-1.10.2.jar:1.10.2]
	at org.junit.platform.engine.support.hierarchical.HierarchicalTestExecutor.execute(HierarchicalTestExecutor.java:57) ~[junit-platform-engine-1.10.2.jar:1.10.2]
	at org.junit.platform.engine.support.hierarchical.HierarchicalTestEngine.execute(HierarchicalTestEngine.java:54) ~[junit-platform-engine-1.10.2.jar:1.10.2]
	at org.junit.platform.launcher.core.EngineExecutionOrchestrator.execute(EngineExecutionOrchestrator.java:198) ~[junit-platform-launcher-1.10.2.jar:1.10.2]
	at org.junit.platform.launcher.core.EngineExecutionOrchestrator.execute(EngineExecutionOrchestrator.java:169) ~[junit-platform-launcher-1.10.2.jar:1.10.2]
	at org.junit.platform.launcher.core.EngineExecutionOrchestrator.execute(EngineExecutionOrchestrator.java:93) ~[junit-platform-launcher-1.10.2.jar:1.10.2]
	at org.junit.platform.launcher.core.EngineExecutionOrchestrator.lambda$execute$0(EngineExecutionOrchestrator.java:58) ~[junit-platform-launcher-1.10.2.jar:1.10.2]
	at org.junit.platform.launcher.core.EngineExecutionOrchestrator.withInterceptedStreams(EngineExecutionOrchestrator.java:141) ~[junit-platform-launcher-1.10.2.jar:1.10.2]
	at org.junit.platform.launcher.core.EngineExecutionOrchestrator.execute(EngineExecutionOrchestrator.java:57) ~[junit-platform-launcher-1.10.2.jar:1.10.2]
	at org.junit.platform.launcher.core.DefaultLauncher.execute(DefaultLauncher.java:103) ~[junit-platform-launcher-1.10.2.jar:1.10.2]
	at org.junit.platform.launcher.core.DefaultLauncher.execute(DefaultLauncher.java:85) ~[junit-platform-launcher-1.10.2.jar:1.10.2]
	at org.junit.platform.launcher.core.DelegatingLauncher.execute(DelegatingLauncher.java:47) ~[junit-platform-launcher-1.10.2.jar:1.10.2]
	at org.apache.maven.surefire.junitplatform.LazyLauncher.execute(LazyLauncher.java:56) ~[surefire-junit-platform-3.2.5.jar:3.2.5]
	at org.apache.maven.surefire.junitplatform.JUnitPlatformProvider.execute(JUnitPlatformProvider.java:184) ~[surefire-junit-platform-3.2.5.jar:3.2.5]
	at org.apache.maven.surefire.junitplatform.JUnitPlatformProvider.invokeAllTests(JUnitPlatformProvider.java:148) ~[surefire-junit-platform-3.2.5.jar:3.2.5]
	at org.apache.maven.surefire.junitplatform.JUnitPlatformProvider.invoke(JUnitPlatformProvider.java:122) ~[surefire-junit-platform-3.2.5.jar:3.2.5]
	at org.apache.maven.surefire.booter.ForkedBooter.runSuitesInProcess(ForkedBooter.java:385) ~[surefire-booter-3.2.5.jar:3.2.5]
	at org.apache.maven.surefire.booter.ForkedBooter.execute(ForkedBooter.java:162) ~[surefire-booter-3.2.5.jar:3.2.5]
	at org.apache.maven.surefire.booter.ForkedBooter.run(ForkedBooter.java:507) ~[surefire-booter-3.2.5.jar:3.2.5]
	at org.apache.maven.surefire.booter.ForkedBooter.main(ForkedBooter.java:495) ~[surefire-booter-3.2.5.jar:3.2.5]
Caused by: org.springframework.beans.factory.UnsatisfiedDependencyException: Error creating bean with name 'adminController': Unsatisfied dependency expressed through field 'planService': No qualifying bean of type 'com.project.fmsbms.service.PlanService' available: expected at least 1 bean which qualifies as autowire candidate. Dependency annotations: {@org.springframework.beans.factory.annotation.Autowired(required=true)}
	at org.springframework.beans.factory.annotation.AutowiredAnnotationBeanPostProcessor$AutowiredFieldElement.resolveFieldValue(AutowiredAnnotationBeanPostProcessor.java:787) ~[spring-beans-6.1.10.jar:6.1.10]
	at org.springframework.beans.factory.annotation.AutowiredAnnotationBeanPostProcessor$AutowiredFieldElement.inject(AutowiredAnnotationBeanPostProcessor.java:767) ~[spring-beans-6.1.10.jar:6.1.10]
	at org.springframework.beans.factory.annotation.InjectionMetadata.inject(InjectionMetadata.java:145) ~[spring-beans-6.1.10.jar:6.1.10]
	at org.springframework.beans.factory.annotation.AutowiredAnnotationBeanPostProcessor.postProcessProperties(AutowiredAnnotationBeanPostProcessor.java:508) ~[spring-beans-6.1.10.jar:6.1.10]
	at org.springframework.beans.factory.support.AbstractAutowireCapableBeanFactory.populateBean(AbstractAutowireCapableBeanFactory.java:1421) ~[spring-beans-6.1.10.jar:6.1.10]
	at org.springframework.beans.factory.support.AbstractAutowireCapableBeanFactory.doCreateBean(AbstractAutowireCapableBeanFactory.java:599) ~[spring-beans-6.1.10.jar:6.1.10]
	at org.springframework.beans.factory.support.AbstractAutowireCapableBeanFactory.createBean(AbstractAutowireCapableBeanFactory.java:522) ~[spring-beans-6.1.10.jar:6.1.10]
	at org.springframework.beans.factory.support.AbstractBeanFactory.lambda$doGetBean$0(AbstractBeanFactory.java:337) ~[spring-beans-6.1.10.jar:6.1.10]
	at org.springframework.beans.factory.support.DefaultSingletonBeanRegistry.getSingleton(DefaultSingletonBeanRegistry.java:234) ~[spring-beans-6.1.10.jar:6.1.10]
	at org.springframework.beans.factory.support.AbstractBeanFactory.doGetBean(AbstractBeanFactory.java:335) ~[spring-beans-6.1.10.jar:6.1.10]
	at org.springframework.beans.factory.support.AbstractBeanFactory.getBean(AbstractBeanFactory.java:200) ~[spring-beans-6.1.10.jar:6.1.10]
	at org.springframework.beans.factory.support.DefaultListableBeanFactory.preInstantiateSingletons(DefaultListableBeanFactory.java:975) ~[spring-beans-6.1.10.jar:6.1.10]
	at org.springframework.context.support.AbstractApplicationContext.finishBeanFactoryInitialization(AbstractApplicationContext.java:962) ~[spring-context-6.1.10.jar:6.1.10]
	at org.springframework.context.support.AbstractApplicationContext.refresh(AbstractApplicationContext.java:624) ~[spring-context-6.1.10.jar:6.1.10]
	at org.springframework.boot.SpringApplication.refresh(SpringApplication.java:754) ~[spring-boot-3.3.1.jar:3.3.1]
	at org.springframework.boot.SpringApplication.refreshContext(SpringApplication.java:456) ~[spring-boot-3.3.1.jar:3.3.1]
	at org.springframework.boot.SpringApplication.run(SpringApplication.java:335) ~[spring-boot-3.3.1.jar:3.3.1]
	at org.springframework.boot.test.context.SpringBootContextLoader.lambda$loadContext$3(SpringBootContextLoader.java:137) ~[spring-boot-test-3.3.1.jar:3.3.1]
	at org.springframework.util.function.ThrowingSupplier.get(ThrowingSupplier.java:58) ~[spring-core-6.1.10.jar:6.1.10]
	at org.springframework.util.function.ThrowingSupplier.get(ThrowingSupplier.java:46) ~[spring-core-6.1.10.jar:6.1.10]
	at org.springframework.boot.SpringApplication.withHook(SpringApplication.java:1463) ~[spring-boot-3.3.1.jar:3.3.1]
	at org.springframework.boot.test.context.SpringBootContextLoader$ContextLoaderHook.run(SpringBootContextLoader.java:553) ~[spring-boot-test-3.3.1.jar:3.3.1]
	at org.springframework.boot.test.context.SpringBootContextLoader.loadContext(SpringBootContextLoader.java:137) ~[spring-boot-test-3.3.1.jar:3.3.1]
	at org.springframework.boot.test.context.SpringBootContextLoader.loadContext(SpringBootContextLoader.java:108) ~[spring-boot-test-3.3.1.jar:3.3.1]
	at org.springframework.test.context.cache.DefaultCacheAwareContextLoaderDelegate.loadContextInternal(DefaultCacheAwareContextLoaderDelegate.java:225) ~[spring-test-6.1.10.jar:6.1.10]
	at org.springframework.test.context.cache.DefaultCacheAwareContextLoaderDelegate.loadContext(DefaultCacheAwareContextLoaderDelegate.java:152) ~[spring-test-6.1.10.jar:6.1.10]
	... 73 common frames omitted
Caused by: org.springframework.beans.factory.NoSuchBeanDefinitionException: No qualifying bean of type 'com.project.fmsbms.service.PlanService' available: expected at least 1 bean which qualifies as autowire candidate. Dependency annotations: {@org.springframework.beans.factory.annotation.Autowired(required=true)}
	at org.springframework.beans.factory.support.DefaultListableBeanFactory.raiseNoMatchingBeanFound(DefaultListableBeanFactory.java:1880) ~[spring-beans-6.1.10.jar:6.1.10]
	at org.springframework.beans.factory.support.DefaultListableBeanFactory.doResolveDependency(DefaultListableBeanFactory.java:1406) ~[spring-beans-6.1.10.jar:6.1.10]
	at org.springframework.beans.factory.support.DefaultListableBeanFactory.resolveDependency(DefaultListableBeanFactory.java:1353) ~[spring-beans-6.1.10.jar:6.1.10]
	at org.springframework.beans.factory.annotation.AutowiredAnnotationBeanPostProcessor$AutowiredFieldElement.resolveFieldValue(AutowiredAnnotationBeanPostProcessor.java:784) ~[spring-beans-6.1.10.jar:6.1.10]
	... 98 common frames omitted

2024-07-03T11:31:50.376+05:30  INFO 21696 --- [fmsbms] [main] c.project.fmsbms.FmsbmsApplicationTests  : Starting FmsbmsApplicationTests using Java 17.0.9 with PID 21696 (started by supriya.j in D:\NumberPortabilityPortal\fmsbms)
2024-07-03T11:31:50.379+05:30  INFO 21696 --- [fmsbms] [main] c.project.fmsbms.FmsbmsApplicationTests  : No active profile set, falling back to 1 default profile: "default"
2024-07-03T11:31:52.332+05:30  INFO 21696 --- [fmsbms] [main] .s.d.r.c.RepositoryConfigurationDelegate : Bootstrapping Spring Data JPA repositories in DEFAULT mode.
2024-07-03T11:31:52.534+05:30  INFO 21696 --- [fmsbms] [main] .s.d.r.c.RepositoryConfigurationDelegate : Finished Spring Data repository scanning in 185 ms. Found 11 JPA repository interfaces.
2024-07-03T11:31:53.573+05:30  INFO 21696 --- [fmsbms] [main] o.hibernate.jpa.internal.util.LogHelper  : HHH000204: Processing PersistenceUnitInfo [name: default]
2024-07-03T11:31:53.713+05:30  INFO 21696 --- [fmsbms] [main] org.hibernate.Version                    : HHH000412: Hibernate ORM core version 6.5.2.Final
2024-07-03T11:31:53.805+05:30  INFO 21696 --- [fmsbms] [main] o.h.c.internal.RegionFactoryInitiator    : HHH000026: Second-level cache disabled
2024-07-03T11:31:54.635+05:30  INFO 21696 --- [fmsbms] [main] o.s.o.j.p.SpringPersistenceUnitInfo      : No LoadTimeWeaver setup: ignoring JPA class transformer
2024-07-03T11:31:54.709+05:30  INFO 21696 --- [fmsbms] [main] com.zaxxer.hikari.HikariDataSource       : HikariPool-1 - Starting...
2024-07-03T11:31:55.461+05:30  INFO 21696 --- [fmsbms] [main] com.zaxxer.hikari.pool.HikariPool        : HikariPool-1 - Added connection com.mysql.cj.jdbc.ConnectionImpl@5f4ba89e
2024-07-03T11:31:55.468+05:30  INFO 21696 --- [fmsbms] [main] com.zaxxer.hikari.HikariDataSource       : HikariPool-1 - Start completed.
2024-07-03T11:31:55.555+05:30  WARN 21696 --- [fmsbms] [main] org.hibernate.dialect.Dialect            : HHH000511: The 5.7.44 version for [org.hibernate.dialect.MySQLDialect] is no longer supported, hence certain features may not work properly. The minimum supported version is 8.0.0. Check the community dialects project for available legacy versions.
2024-07-03T11:31:55.565+05:30  WARN 21696 --- [fmsbms] [main] org.hibernate.orm.deprecation            : HHH90000025: MySQLDialect does not need to be specified explicitly using 'hibernate.dialect' (remove the property setting and it will be selected by default)
2024-07-03T11:31:57.778+05:30  INFO 21696 --- [fmsbms] [main] o.h.e.t.j.p.i.JtaPlatformInitiator       : HHH000489: No JTA platform available (set 'hibernate.transaction.jta.platform' to enable JTA platform integration)
2024-07-03T11:31:58.096+05:30  INFO 21696 --- [fmsbms] [main] j.LocalContainerEntityManagerFactoryBean : Initialized JPA EntityManagerFactory for persistence unit 'default'
2024-07-03T11:31:58.985+05:30  INFO 21696 --- [fmsbms] [main] eAuthenticationProviderManagerConfigurer : Global AuthenticationManager configured with AuthenticationProvider bean with name authenticationProvider
2024-07-03T11:31:58.986+05:30  WARN 21696 --- [fmsbms] [main] r$InitializeUserDetailsManagerConfigurer : Global AuthenticationManager configured with an AuthenticationProvider bean. UserDetailsService beans will not be used for username/password login. Consider removing the AuthenticationProvider bean. Alternatively, consider using the UserDetailsService in a manually instantiated DaoAuthenticationProvider.
2024-07-03T11:31:59.285+05:30  WARN 21696 --- [fmsbms] [main] JpaBaseConfiguration$JpaWebConfiguration : spring.jpa.open-in-view is enabled by default. Therefore, database queries may be performed during view rendering. Explicitly configure spring.jpa.open-in-view to disable this warning
2024-07-03T11:32:00.777+05:30  INFO 21696 --- [fmsbms] [main] c.project.fmsbms.FmsbmsApplicationTests  : Started FmsbmsApplicationTests in 11.409 seconds (process running for 14.841)
2024-07-03T11:32:02.408+05:30  INFO 21696 --- [fmsbms] [SpringApplicationShutdownHook] j.LocalContainerEntityManagerFactoryBean : Closing JPA EntityManagerFactory for persistence unit 'default'
2024-07-03T11:32:02.415+05:30  INFO 21696 --- [fmsbms] [SpringApplicationShutdownHook] com.zaxxer.hikari.HikariDataSource       : HikariPool-1 - Shutdown initiated...
2024-07-03T11:32:02.429+05:30  INFO 21696 --- [fmsbms] [SpringApplicationShutdownHook] com.zaxxer.hikari.HikariDataSource       : HikariPool-1 - Shutdown completed.
2024-07-03T11:32:31.377+05:30  INFO 12120 --- [fmsbms] [restartedMain] com.project.fmsbms.FmsbmsApplication     : Starting FmsbmsApplication using Java 17.0.9 with PID 12120 (D:\NumberPortabilityPortal\fmsbms\target\classes started by supriya.j in D:\NumberPortabilityPortal\fmsbms)
2024-07-03T11:32:31.379+05:30  INFO 12120 --- [fmsbms] [restartedMain] com.project.fmsbms.FmsbmsApplication     : No active profile set, falling back to 1 default profile: "default"
2024-07-03T11:32:31.445+05:30  INFO 12120 --- [fmsbms] [restartedMain] .e.DevToolsPropertyDefaultsPostProcessor : Devtools property defaults active! Set 'spring.devtools.add-properties' to 'false' to disable
2024-07-03T11:32:31.446+05:30  INFO 12120 --- [fmsbms] [restartedMain] .e.DevToolsPropertyDefaultsPostProcessor : For additional web related logging consider setting the 'logging.level.web' property to 'DEBUG'
2024-07-03T11:32:32.410+05:30  INFO 12120 --- [fmsbms] [restartedMain] .s.d.r.c.RepositoryConfigurationDelegate : Bootstrapping Spring Data JPA repositories in DEFAULT mode.
2024-07-03T11:32:32.545+05:30  INFO 12120 --- [fmsbms] [restartedMain] .s.d.r.c.RepositoryConfigurationDelegate : Finished Spring Data repository scanning in 123 ms. Found 11 JPA repository interfaces.
2024-07-03T11:32:33.160+05:30  INFO 12120 --- [fmsbms] [restartedMain] o.s.b.w.embedded.tomcat.TomcatWebServer  : Tomcat initialized with port 8080 (http)
2024-07-03T11:32:33.172+05:30  INFO 12120 --- [fmsbms] [restartedMain] o.apache.catalina.core.StandardService   : Starting service [Tomcat]
2024-07-03T11:32:33.173+05:30  INFO 12120 --- [fmsbms] [restartedMain] o.apache.catalina.core.StandardEngine    : Starting Servlet engine: [Apache Tomcat/10.1.25]
2024-07-03T11:32:33.248+05:30  INFO 12120 --- [fmsbms] [restartedMain] o.a.c.c.C.[Tomcat].[localhost].[/]       : Initializing Spring embedded WebApplicationContext
2024-07-03T11:32:33.248+05:30  INFO 12120 --- [fmsbms] [restartedMain] w.s.c.ServletWebServerApplicationContext : Root WebApplicationContext: initialization completed in 1802 ms
2024-07-03T11:32:33.430+05:30  INFO 12120 --- [fmsbms] [restartedMain] o.hibernate.jpa.internal.util.LogHelper  : HHH000204: Processing PersistenceUnitInfo [name: default]
2024-07-03T11:32:33.501+05:30  INFO 12120 --- [fmsbms] [restartedMain] org.hibernate.Version                    : HHH000412: Hibernate ORM core version 6.5.2.Final
2024-07-03T11:32:33.566+05:30  INFO 12120 --- [fmsbms] [restartedMain] o.h.c.internal.RegionFactoryInitiator    : HHH000026: Second-level cache disabled
2024-07-03T11:32:33.928+05:30  INFO 12120 --- [fmsbms] [restartedMain] o.s.o.j.p.SpringPersistenceUnitInfo      : No LoadTimeWeaver setup: ignoring JPA class transformer
2024-07-03T11:32:33.972+05:30  INFO 12120 --- [fmsbms] [restartedMain] com.zaxxer.hikari.HikariDataSource       : HikariPool-1 - Starting...
2024-07-03T11:32:34.291+05:30  INFO 12120 --- [fmsbms] [restartedMain] com.zaxxer.hikari.pool.HikariPool        : HikariPool-1 - Added connection com.mysql.cj.jdbc.ConnectionImpl@5f77afc3
2024-07-03T11:32:34.296+05:30  INFO 12120 --- [fmsbms] [restartedMain] com.zaxxer.hikari.HikariDataSource       : HikariPool-1 - Start completed.
2024-07-03T11:32:34.350+05:30  WARN 12120 --- [fmsbms] [restartedMain] org.hibernate.dialect.Dialect            : HHH000511: The 5.7.44 version for [org.hibernate.dialect.MySQLDialect] is no longer supported, hence certain features may not work properly. The minimum supported version is 8.0.0. Check the community dialects project for available legacy versions.
2024-07-03T11:32:34.358+05:30  WARN 12120 --- [fmsbms] [restartedMain] org.hibernate.orm.deprecation            : HHH90000025: MySQLDialect does not need to be specified explicitly using 'hibernate.dialect' (remove the property setting and it will be selected by default)
2024-07-03T11:32:35.572+05:30  INFO 12120 --- [fmsbms] [restartedMain] o.h.e.t.j.p.i.JtaPlatformInitiator       : HHH000489: No JTA platform available (set 'hibernate.transaction.jta.platform' to enable JTA platform integration)
2024-07-03T11:32:35.753+05:30  INFO 12120 --- [fmsbms] [restartedMain] j.LocalContainerEntityManagerFactoryBean : Initialized JPA EntityManagerFactory for persistence unit 'default'
2024-07-03T11:32:36.200+05:30  INFO 12120 --- [fmsbms] [restartedMain] eAuthenticationProviderManagerConfigurer : Global AuthenticationManager configured with AuthenticationProvider bean with name authenticationProvider
2024-07-03T11:32:36.201+05:30  WARN 12120 --- [fmsbms] [restartedMain] r$InitializeUserDetailsManagerConfigurer : Global AuthenticationManager configured with an AuthenticationProvider bean. UserDetailsService beans will not be used for username/password login. Consider removing the AuthenticationProvider bean. Alternatively, consider using the UserDetailsService in a manually instantiated DaoAuthenticationProvider.
2024-07-03T11:32:36.355+05:30  WARN 12120 --- [fmsbms] [restartedMain] JpaBaseConfiguration$JpaWebConfiguration : spring.jpa.open-in-view is enabled by default. Therefore, database queries may be performed during view rendering. Explicitly configure spring.jpa.open-in-view to disable this warning
2024-07-03T11:32:36.955+05:30  INFO 12120 --- [fmsbms] [restartedMain] o.s.b.d.a.OptionalLiveReloadServer       : LiveReload server is running on port 35729
2024-07-03T11:32:37.028+05:30  INFO 12120 --- [fmsbms] [restartedMain] o.s.b.w.embedded.tomcat.TomcatWebServer  : Tomcat started on port 8080 (http) with context path '/'
2024-07-03T11:32:37.043+05:30  INFO 12120 --- [fmsbms] [restartedMain] com.project.fmsbms.FmsbmsApplication     : Started FmsbmsApplication in 6.151 seconds (process running for 7.225)
2024-07-03T11:34:41.439+05:30  INFO 12120 --- [fmsbms] [http-nio-8080-exec-1] o.a.c.c.C.[Tomcat].[localhost].[/]       : Initializing Spring DispatcherServlet 'dispatcherServlet'
2024-07-03T11:34:41.439+05:30  INFO 12120 --- [fmsbms] [http-nio-8080-exec-1] o.s.web.servlet.DispatcherServlet        : Initializing Servlet 'dispatcherServlet'
2024-07-03T11:34:41.441+05:30  INFO 12120 --- [fmsbms] [http-nio-8080-exec-1] o.s.web.servlet.DispatcherServlet        : Completed initialization in 2 ms
2024-07-03T11:34:42.436+05:30  INFO 12120 --- [fmsbms] [http-nio-8080-exec-8] o.springdoc.api.AbstractOpenApiResource  : Init duration for springdoc-openapi is: 555 ms
2024-07-03T11:35:27.252+05:30  INFO 12120 --- [fmsbms] [http-nio-8080-exec-9] c.p.fmsbms.controller.AuthController     : signin
2024-07-03T11:35:27.436+05:30  INFO 12120 --- [fmsbms] [http-nio-8080-exec-9] c.p.f.service.UserEntityServiceImpl      : User found
2024-07-03T11:35:27.554+05:30  INFO 12120 --- [fmsbms] [http-nio-8080-exec-9] c.p.fmsbms.service.RoleServiceImpl       : Role found
2024-07-03T11:35:27.606+05:30  INFO 12120 --- [fmsbms] [http-nio-8080-exec-9] c.p.f.service.UserEntityServiceImpl      : User added successfully !!
2024-07-03T11:35:27.607+05:30  INFO 12120 --- [fmsbms] [http-nio-8080-exec-9] c.p.fmsbms.controller.AuthController     : User registered successfully!
2024-07-03T11:36:03.370+05:30  INFO 12120 --- [fmsbms] [http-nio-8080-exec-2] c.p.fmsbms.controller.AuthController     : signin
2024-07-03T11:36:03.374+05:30  INFO 12120 --- [fmsbms] [http-nio-8080-exec-2] c.p.f.service.UserEntityServiceImpl      : User found
2024-07-03T11:36:03.478+05:30  INFO 12120 --- [fmsbms] [http-nio-8080-exec-2] c.p.fmsbms.service.RoleServiceImpl       : Role found
2024-07-03T11:36:03.491+05:30  INFO 12120 --- [fmsbms] [http-nio-8080-exec-2] c.p.f.service.UserEntityServiceImpl      : User added successfully !!
2024-07-03T11:36:03.491+05:30  INFO 12120 --- [fmsbms] [http-nio-8080-exec-2] c.p.fmsbms.controller.AuthController     : User registered successfully!
2024-07-03T11:36:19.788+05:30  INFO 12120 --- [fmsbms] [http-nio-8080-exec-3] c.p.fmsbms.controller.AuthController     : signin
2024-07-03T11:36:19.792+05:30  INFO 12120 --- [fmsbms] [http-nio-8080-exec-3] c.p.f.service.UserEntityServiceImpl      : User found
2024-07-03T11:36:19.899+05:30  INFO 12120 --- [fmsbms] [http-nio-8080-exec-3] c.p.fmsbms.service.RoleServiceImpl       : Role found
2024-07-03T11:36:19.910+05:30  INFO 12120 --- [fmsbms] [http-nio-8080-exec-3] c.p.f.service.UserEntityServiceImpl      : User added successfully !!
2024-07-03T11:36:19.910+05:30  INFO 12120 --- [fmsbms] [http-nio-8080-exec-3] c.p.fmsbms.controller.AuthController     : User registered successfully!
2024-07-03T11:36:39.786+05:30  INFO 12120 --- [fmsbms] [http-nio-8080-exec-5] c.p.fmsbms.controller.AuthController     : signin
2024-07-03T11:36:39.903+05:30  INFO 12120 --- [fmsbms] [http-nio-8080-exec-5] c.p.f.service.UserEntityServiceImpl      : User found
2024-07-03T11:37:19.990+05:30  INFO 12120 --- [fmsbms] [http-nio-8080-exec-4] c.p.f.service.UserEntityServiceImpl      : User found
2024-07-03T11:37:19.995+05:30  INFO 12120 --- [fmsbms] [http-nio-8080-exec-4] c.p.fmsbms.service.RoleServiceImpl       : Role found
2024-07-03T11:37:20.010+05:30  INFO 12120 --- [fmsbms] [http-nio-8080-exec-4] c.p.fmsbms.service.FamilyServiceImpl     : addFamily
2024-07-03T11:37:26.394+05:30  INFO 12120 --- [fmsbms] [http-nio-8080-exec-6] c.p.f.service.UserEntityServiceImpl      : User found
2024-07-03T11:37:26.403+05:30  INFO 12120 --- [fmsbms] [http-nio-8080-exec-6] c.p.fmsbms.service.RoleServiceImpl       : Role found
2024-07-03T11:37:26.414+05:30  INFO 12120 --- [fmsbms] [http-nio-8080-exec-6] c.p.fmsbms.service.FamilyServiceImpl     : addFamily
2024-07-03T11:38:59.918+05:30  INFO 12120 --- [fmsbms] [http-nio-8080-exec-6] c.p.fmsbms.controller.AuthController     : signin
2024-07-03T11:38:59.927+05:30  INFO 12120 --- [fmsbms] [http-nio-8080-exec-6] c.p.f.service.UserEntityServiceImpl      : User found
2024-07-03T11:39:39.781+05:30  INFO 12120 --- [fmsbms] [File Watcher] rtingClassPathChangeChangedEventListener : Restarting due to 1 class path change (0 additions, 0 deletions, 1 modification)
2024-07-03T11:39:40.174+05:30  INFO 12120 --- [fmsbms] [Thread-5] j.LocalContainerEntityManagerFactoryBean : Closing JPA EntityManagerFactory for persistence unit 'default'
2024-07-03T11:39:40.179+05:30  INFO 12120 --- [fmsbms] [Thread-5] com.zaxxer.hikari.HikariDataSource       : HikariPool-1 - Shutdown initiated...
2024-07-03T11:39:40.194+05:30  INFO 12120 --- [fmsbms] [Thread-5] com.zaxxer.hikari.HikariDataSource       : HikariPool-1 - Shutdown completed.
2024-07-03T11:39:40.324+05:30  INFO 12120 --- [fmsbms] [restartedMain] com.project.fmsbms.FmsbmsApplication     : Starting FmsbmsApplication using Java 17.0.9 with PID 12120 (D:\NumberPortabilityPortal\fmsbms\target\classes started by supriya.j in D:\NumberPortabilityPortal\fmsbms)
2024-07-03T11:39:40.324+05:30  INFO 12120 --- [fmsbms] [restartedMain] com.project.fmsbms.FmsbmsApplication     : No active profile set, falling back to 1 default profile: "default"
2024-07-03T11:39:40.590+05:30  INFO 12120 --- [fmsbms] [restartedMain] .s.d.r.c.RepositoryConfigurationDelegate : Bootstrapping Spring Data JPA repositories in DEFAULT mode.
2024-07-03T11:39:40.648+05:30  INFO 12120 --- [fmsbms] [restartedMain] .s.d.r.c.RepositoryConfigurationDelegate : Finished Spring Data repository scanning in 56 ms. Found 11 JPA repository interfaces.
2024-07-03T11:39:40.877+05:30  INFO 12120 --- [fmsbms] [restartedMain] o.s.b.w.embedded.tomcat.TomcatWebServer  : Tomcat initialized with port 8080 (http)
2024-07-03T11:39:40.879+05:30  INFO 12120 --- [fmsbms] [restartedMain] o.apache.catalina.core.StandardService   : Starting service [Tomcat]
2024-07-03T11:39:40.879+05:30  INFO 12120 --- [fmsbms] [restartedMain] o.apache.catalina.core.StandardEngine    : Starting Servlet engine: [Apache Tomcat/10.1.25]
2024-07-03T11:39:40.948+05:30  INFO 12120 --- [fmsbms] [restartedMain] o.a.c.c.C.[Tomcat].[localhost].[/]       : Initializing Spring embedded WebApplicationContext
2024-07-03T11:39:40.948+05:30  INFO 12120 --- [fmsbms] [restartedMain] w.s.c.ServletWebServerApplicationContext : Root WebApplicationContext: initialization completed in 620 ms
2024-07-03T11:39:41.056+05:30  INFO 12120 --- [fmsbms] [restartedMain] o.hibernate.jpa.internal.util.LogHelper  : HHH000204: Processing PersistenceUnitInfo [name: default]
2024-07-03T11:39:41.061+05:30  INFO 12120 --- [fmsbms] [restartedMain] o.h.c.internal.RegionFactoryInitiator    : HHH000026: Second-level cache disabled
2024-07-03T11:39:41.085+05:30  INFO 12120 --- [fmsbms] [restartedMain] o.s.o.j.p.SpringPersistenceUnitInfo      : No LoadTimeWeaver setup: ignoring JPA class transformer
2024-07-03T11:39:41.087+05:30  INFO 12120 --- [fmsbms] [restartedMain] com.zaxxer.hikari.HikariDataSource       : HikariPool-2 - Starting...
2024-07-03T11:39:41.115+05:30  INFO 12120 --- [fmsbms] [restartedMain] com.zaxxer.hikari.pool.HikariPool        : HikariPool-2 - Added connection com.mysql.cj.jdbc.ConnectionImpl@6534175c
2024-07-03T11:39:41.117+05:30  INFO 12120 --- [fmsbms] [restartedMain] com.zaxxer.hikari.HikariDataSource       : HikariPool-2 - Start completed.
2024-07-03T11:39:41.118+05:30  WARN 12120 --- [fmsbms] [restartedMain] org.hibernate.dialect.Dialect            : HHH000511: The 5.7.44 version for [org.hibernate.dialect.MySQLDialect] is no longer supported, hence certain features may not work properly. The minimum supported version is 8.0.0. Check the community dialects project for available legacy versions.
2024-07-03T11:39:41.119+05:30  WARN 12120 --- [fmsbms] [restartedMain] org.hibernate.orm.deprecation            : HHH90000025: MySQLDialect does not need to be specified explicitly using 'hibernate.dialect' (remove the property setting and it will be selected by default)
2024-07-03T11:39:41.405+05:30  INFO 12120 --- [fmsbms] [restartedMain] o.h.e.t.j.p.i.JtaPlatformInitiator       : HHH000489: No JTA platform available (set 'hibernate.transaction.jta.platform' to enable JTA platform integration)
2024-07-03T11:39:41.471+05:30  INFO 12120 --- [fmsbms] [restartedMain] j.LocalContainerEntityManagerFactoryBean : Initialized JPA EntityManagerFactory for persistence unit 'default'
2024-07-03T11:39:41.566+05:30  INFO 12120 --- [fmsbms] [restartedMain] eAuthenticationProviderManagerConfigurer : Global AuthenticationManager configured with AuthenticationProvider bean with name authenticationProvider
2024-07-03T11:39:41.567+05:30  WARN 12120 --- [fmsbms] [restartedMain] r$InitializeUserDetailsManagerConfigurer : Global AuthenticationManager configured with an AuthenticationProvider bean. UserDetailsService beans will not be used for username/password login. Consider removing the AuthenticationProvider bean. Alternatively, consider using the UserDetailsService in a manually instantiated DaoAuthenticationProvider.
2024-07-03T11:39:41.639+05:30  WARN 12120 --- [fmsbms] [restartedMain] JpaBaseConfiguration$JpaWebConfiguration : spring.jpa.open-in-view is enabled by default. Therefore, database queries may be performed during view rendering. Explicitly configure spring.jpa.open-in-view to disable this warning
2024-07-03T11:39:41.866+05:30  INFO 12120 --- [fmsbms] [restartedMain] o.s.b.d.a.OptionalLiveReloadServer       : LiveReload server is running on port 35729
2024-07-03T11:39:41.885+05:30  INFO 12120 --- [fmsbms] [restartedMain] o.s.b.w.embedded.tomcat.TomcatWebServer  : Tomcat started on port 8080 (http) with context path '/'
2024-07-03T11:39:41.889+05:30  INFO 12120 --- [fmsbms] [restartedMain] com.project.fmsbms.FmsbmsApplication     : Started FmsbmsApplication in 1.626 seconds (process running for 432.071)
2024-07-03T11:39:41.891+05:30  INFO 12120 --- [fmsbms] [restartedMain] .ConditionEvaluationDeltaLoggingListener : Condition evaluation unchanged
2024-07-03T11:39:43.333+05:30  INFO 12120 --- [fmsbms] [File Watcher] rtingClassPathChangeChangedEventListener : Restarting due to 1 class path change (0 additions, 0 deletions, 1 modification)
2024-07-03T11:39:43.704+05:30  INFO 12120 --- [fmsbms] [Thread-7] j.LocalContainerEntityManagerFactoryBean : Closing JPA EntityManagerFactory for persistence unit 'default'
2024-07-03T11:39:43.704+05:30  INFO 12120 --- [fmsbms] [Thread-7] com.zaxxer.hikari.HikariDataSource       : HikariPool-2 - Shutdown initiated...
2024-07-03T11:39:43.709+05:30  INFO 12120 --- [fmsbms] [Thread-7] com.zaxxer.hikari.HikariDataSource       : HikariPool-2 - Shutdown completed.
2024-07-03T11:39:43.824+05:30  INFO 12120 --- [fmsbms] [restartedMain] com.project.fmsbms.FmsbmsApplication     : Starting FmsbmsApplication using Java 17.0.9 with PID 12120 (D:\NumberPortabilityPortal\fmsbms\target\classes started by supriya.j in D:\NumberPortabilityPortal\fmsbms)
2024-07-03T11:39:43.824+05:30  INFO 12120 --- [fmsbms] [restartedMain] com.project.fmsbms.FmsbmsApplication     : No active profile set, falling back to 1 default profile: "default"
2024-07-03T11:39:44.110+05:30  INFO 12120 --- [fmsbms] [restartedMain] .s.d.r.c.RepositoryConfigurationDelegate : Bootstrapping Spring Data JPA repositories in DEFAULT mode.
2024-07-03T11:39:44.168+05:30  INFO 12120 --- [fmsbms] [restartedMain] .s.d.r.c.RepositoryConfigurationDelegate : Finished Spring Data repository scanning in 58 ms. Found 11 JPA repository interfaces.
2024-07-03T11:39:44.311+05:30  INFO 12120 --- [fmsbms] [restartedMain] o.s.b.w.embedded.tomcat.TomcatWebServer  : Tomcat initialized with port 8080 (http)
2024-07-03T11:39:44.311+05:30  INFO 12120 --- [fmsbms] [restartedMain] o.apache.catalina.core.StandardService   : Starting service [Tomcat]
2024-07-03T11:39:44.312+05:30  INFO 12120 --- [fmsbms] [restartedMain] o.apache.catalina.core.StandardEngine    : Starting Servlet engine: [Apache Tomcat/10.1.25]
2024-07-03T11:39:44.350+05:30  INFO 12120 --- [fmsbms] [restartedMain] o.a.c.c.C.[Tomcat].[localhost].[/]       : Initializing Spring embedded WebApplicationContext
2024-07-03T11:39:44.350+05:30  INFO 12120 --- [fmsbms] [restartedMain] w.s.c.ServletWebServerApplicationContext : Root WebApplicationContext: initialization completed in 523 ms
2024-07-03T11:39:44.382+05:30  INFO 12120 --- [fmsbms] [restartedMain] o.hibernate.jpa.internal.util.LogHelper  : HHH000204: Processing PersistenceUnitInfo [name: default]
2024-07-03T11:39:44.384+05:30  INFO 12120 --- [fmsbms] [restartedMain] o.h.c.internal.RegionFactoryInitiator    : HHH000026: Second-level cache disabled
2024-07-03T11:39:44.392+05:30  INFO 12120 --- [fmsbms] [restartedMain] o.s.o.j.p.SpringPersistenceUnitInfo      : No LoadTimeWeaver setup: ignoring JPA class transformer
2024-07-03T11:39:44.393+05:30  INFO 12120 --- [fmsbms] [restartedMain] com.zaxxer.hikari.HikariDataSource       : HikariPool-3 - Starting...
2024-07-03T11:39:44.404+05:30  INFO 12120 --- [fmsbms] [restartedMain] com.zaxxer.hikari.pool.HikariPool        : HikariPool-3 - Added connection com.mysql.cj.jdbc.ConnectionImpl@1d52f32f
2024-07-03T11:39:44.404+05:30  INFO 12120 --- [fmsbms] [restartedMain] com.zaxxer.hikari.HikariDataSource       : HikariPool-3 - Start completed.
2024-07-03T11:39:44.405+05:30  WARN 12120 --- [fmsbms] [restartedMain] org.hibernate.dialect.Dialect            : HHH000511: The 5.7.44 version for [org.hibernate.dialect.MySQLDialect] is no longer supported, hence certain features may not work properly. The minimum supported version is 8.0.0. Check the community dialects project for available legacy versions.
2024-07-03T11:39:44.406+05:30  WARN 12120 --- [fmsbms] [restartedMain] org.hibernate.orm.deprecation            : HHH90000025: MySQLDialect does not need to be specified explicitly using 'hibernate.dialect' (remove the property setting and it will be selected by default)
2024-07-03T11:39:44.579+05:30  INFO 12120 --- [fmsbms] [restartedMain] o.h.e.t.j.p.i.JtaPlatformInitiator       : HHH000489: No JTA platform available (set 'hibernate.transaction.jta.platform' to enable JTA platform integration)
2024-07-03T11:39:44.673+05:30  INFO 12120 --- [fmsbms] [restartedMain] j.LocalContainerEntityManagerFactoryBean : Initialized JPA EntityManagerFactory for persistence unit 'default'
2024-07-03T11:39:44.760+05:30  INFO 12120 --- [fmsbms] [restartedMain] eAuthenticationProviderManagerConfigurer : Global AuthenticationManager configured with AuthenticationProvider bean with name authenticationProvider
2024-07-03T11:39:44.761+05:30  WARN 12120 --- [fmsbms] [restartedMain] r$InitializeUserDetailsManagerConfigurer : Global AuthenticationManager configured with an AuthenticationProvider bean. UserDetailsService beans will not be used for username/password login. Consider removing the AuthenticationProvider bean. Alternatively, consider using the UserDetailsService in a manually instantiated DaoAuthenticationProvider.
2024-07-03T11:39:44.823+05:30  WARN 12120 --- [fmsbms] [restartedMain] JpaBaseConfiguration$JpaWebConfiguration : spring.jpa.open-in-view is enabled by default. Therefore, database queries may be performed during view rendering. Explicitly configure spring.jpa.open-in-view to disable this warning
2024-07-03T11:39:44.979+05:30  INFO 12120 --- [fmsbms] [restartedMain] o.s.b.d.a.OptionalLiveReloadServer       : LiveReload server is running on port 35729
2024-07-03T11:39:44.995+05:30  INFO 12120 --- [fmsbms] [restartedMain] o.s.b.w.embedded.tomcat.TomcatWebServer  : Tomcat started on port 8080 (http) with context path '/'
2024-07-03T11:39:45.002+05:30  INFO 12120 --- [fmsbms] [restartedMain] com.project.fmsbms.FmsbmsApplication     : Started FmsbmsApplication in 1.225 seconds (process running for 435.185)
2024-07-03T11:39:45.004+05:30  INFO 12120 --- [fmsbms] [restartedMain] .ConditionEvaluationDeltaLoggingListener : Condition evaluation unchanged
2024-07-03T11:39:46.404+05:30  INFO 12120 --- [fmsbms] [http-nio-8080-exec-1] o.a.c.c.C.[Tomcat].[localhost].[/]       : Initializing Spring DispatcherServlet 'dispatcherServlet'
2024-07-03T11:39:46.405+05:30  INFO 12120 --- [fmsbms] [http-nio-8080-exec-1] o.s.web.servlet.DispatcherServlet        : Initializing Servlet 'dispatcherServlet'
2024-07-03T11:39:46.406+05:30  INFO 12120 --- [fmsbms] [http-nio-8080-exec-1] o.s.web.servlet.DispatcherServlet        : Completed initialization in 1 ms
2024-07-03T11:39:46.863+05:30  INFO 12120 --- [fmsbms] [http-nio-8080-exec-9] o.springdoc.api.AbstractOpenApiResource  : Init duration for springdoc-openapi is: 216 ms
2024-07-03T11:40:44.709+05:30  INFO 12120 --- [fmsbms] [http-nio-8080-exec-2] c.p.fmsbms.controller.AuthController     : signin
2024-07-03T11:40:44.912+05:30  INFO 12120 --- [fmsbms] [http-nio-8080-exec-2] c.p.f.service.UserEntityServiceImpl      : User found
2024-07-03T11:41:00.038+05:30  INFO 12120 --- [fmsbms] [http-nio-8080-exec-7] c.p.f.service.UserEntityServiceImpl      : User found
2024-07-03T11:41:30.464+05:30  INFO 12120 --- [fmsbms] [http-nio-8080-exec-8] c.p.f.service.UserEntityServiceImpl      : User found
2024-07-03T11:42:22.768+05:30  INFO 12120 --- [fmsbms] [http-nio-8080-exec-10] c.p.f.service.UserEntityServiceImpl      : User found
2024-07-03T11:42:22.779+05:30  INFO 12120 --- [fmsbms] [http-nio-8080-exec-10] c.p.fmsbms.service.FamilyServiceImpl     : getFamilyByUsername
2024-07-03T11:42:22.789+05:30 ERROR 12120 --- [fmsbms] [http-nio-8080-exec-10] o.a.c.c.C.[.[.[/].[dispatcherServlet]    : Servlet.service() for servlet [dispatcherServlet] in context with path [] threw exception [Request processing failed: java.lang.NullPointerException: Cannot invoke "com.project.fmsbms.entities.Plan.getTotalMembers()" because the return value of "com.project.fmsbms.entities.Family.getPlan()" is null] with root cause

java.lang.NullPointerException: Cannot invoke "com.project.fmsbms.entities.Plan.getTotalMembers()" because the return value of "com.project.fmsbms.entities.Family.getPlan()" is null
	at com.project.fmsbms.controller.AdminController.allocatePhoneNumber(AdminController.java:80) ~[classes/:na]
	at java.base/jdk.internal.reflect.NativeMethodAccessorImpl.invoke0(Native Method) ~[na:na]
	at java.base/jdk.internal.reflect.NativeMethodAccessorImpl.invoke(NativeMethodAccessorImpl.java:77) ~[na:na]
	at java.base/jdk.internal.reflect.DelegatingMethodAccessorImpl.invoke(DelegatingMethodAccessorImpl.java:43) ~[na:na]
	at java.base/java.lang.reflect.Method.invoke(Method.java:568) ~[na:na]
	at org.springframework.web.method.support.InvocableHandlerMethod.doInvoke(InvocableHandlerMethod.java:255) ~[spring-web-6.1.10.jar:6.1.10]
	at org.springframework.web.method.support.InvocableHandlerMethod.invokeForRequest(InvocableHandlerMethod.java:188) ~[spring-web-6.1.10.jar:6.1.10]
	at org.springframework.web.servlet.mvc.method.annotation.ServletInvocableHandlerMethod.invokeAndHandle(ServletInvocableHandlerMethod.java:118) ~[spring-webmvc-6.1.10.jar:6.1.10]
	at org.springframework.web.servlet.mvc.method.annotation.RequestMappingHandlerAdapter.invokeHandlerMethod(RequestMappingHandlerAdapter.java:926) ~[spring-webmvc-6.1.10.jar:6.1.10]
	at org.springframework.web.servlet.mvc.method.annotation.RequestMappingHandlerAdapter.handleInternal(RequestMappingHandlerAdapter.java:831) ~[spring-webmvc-6.1.10.jar:6.1.10]
	at org.springframework.web.servlet.mvc.method.AbstractHandlerMethodAdapter.handle(AbstractHandlerMethodAdapter.java:87) ~[spring-webmvc-6.1.10.jar:6.1.10]
	at org.springframework.web.servlet.DispatcherServlet.doDispatch(DispatcherServlet.java:1089) ~[spring-webmvc-6.1.10.jar:6.1.10]
	at org.springframework.web.servlet.DispatcherServlet.doService(DispatcherServlet.java:979) ~[spring-webmvc-6.1.10.jar:6.1.10]
	at org.springframework.web.servlet.FrameworkServlet.processRequest(FrameworkServlet.java:1014) ~[spring-webmvc-6.1.10.jar:6.1.10]
	at org.springframework.web.servlet.FrameworkServlet.doPost(FrameworkServlet.java:914) ~[spring-webmvc-6.1.10.jar:6.1.10]
	at jakarta.servlet.http.HttpServlet.service(HttpServlet.java:590) ~[tomcat-embed-core-10.1.25.jar:6.0]
	at org.springframework.web.servlet.FrameworkServlet.service(FrameworkServlet.java:885) ~[spring-webmvc-6.1.10.jar:6.1.10]
	at jakarta.servlet.http.HttpServlet.service(HttpServlet.java:658) ~[tomcat-embed-core-10.1.25.jar:6.0]
	at org.apache.catalina.core.ApplicationFilterChain.internalDoFilter(ApplicationFilterChain.java:195) ~[tomcat-embed-core-10.1.25.jar:10.1.25]
	at org.apache.catalina.core.ApplicationFilterChain.doFilter(ApplicationFilterChain.java:140) ~[tomcat-embed-core-10.1.25.jar:10.1.25]
	at org.apache.tomcat.websocket.server.WsFilter.doFilter(WsFilter.java:51) ~[tomcat-embed-websocket-10.1.25.jar:10.1.25]
	at org.apache.catalina.core.ApplicationFilterChain.internalDoFilter(ApplicationFilterChain.java:164) ~[tomcat-embed-core-10.1.25.jar:10.1.25]
	at org.apache.catalina.core.ApplicationFilterChain.doFilter(ApplicationFilterChain.java:140) ~[tomcat-embed-core-10.1.25.jar:10.1.25]
	at org.springframework.web.filter.OncePerRequestFilter.doFilter(OncePerRequestFilter.java:110) ~[spring-web-6.1.10.jar:6.1.10]
	at org.apache.catalina.core.ApplicationFilterChain.internalDoFilter(ApplicationFilterChain.java:164) ~[tomcat-embed-core-10.1.25.jar:10.1.25]
	at org.apache.catalina.core.ApplicationFilterChain.doFilter(ApplicationFilterChain.java:140) ~[tomcat-embed-core-10.1.25.jar:10.1.25]
	at org.springframework.web.filter.CompositeFilter$VirtualFilterChain.doFilter(CompositeFilter.java:108) ~[spring-web-6.1.10.jar:6.1.10]
	at org.springframework.security.web.FilterChainProxy.lambda$doFilterInternal$3(FilterChainProxy.java:231) ~[spring-security-web-6.3.1.jar:6.3.1]
	at org.springframework.security.web.FilterChainProxy$VirtualFilterChain.doFilter(FilterChainProxy.java:365) ~[spring-security-web-6.3.1.jar:6.3.1]
	at org.springframework.security.web.access.intercept.AuthorizationFilter.doFilter(AuthorizationFilter.java:100) ~[spring-security-web-6.3.1.jar:6.3.1]
	at org.springframework.security.web.FilterChainProxy$VirtualFilterChain.doFilter(FilterChainProxy.java:374) ~[spring-security-web-6.3.1.jar:6.3.1]
	at org.springframework.security.web.access.ExceptionTranslationFilter.doFilter(ExceptionTranslationFilter.java:126) ~[spring-security-web-6.3.1.jar:6.3.1]
	at org.springframework.security.web.access.ExceptionTranslationFilter.doFilter(ExceptionTranslationFilter.java:120) ~[spring-security-web-6.3.1.jar:6.3.1]
	at org.springframework.security.web.FilterChainProxy$VirtualFilterChain.doFilter(FilterChainProxy.java:374) ~[spring-security-web-6.3.1.jar:6.3.1]
	at org.springframework.security.web.session.SessionManagementFilter.doFilter(SessionManagementFilter.java:131) ~[spring-security-web-6.3.1.jar:6.3.1]
	at org.springframework.security.web.session.SessionManagementFilter.doFilter(SessionManagementFilter.java:85) ~[spring-security-web-6.3.1.jar:6.3.1]
	at org.springframework.security.web.FilterChainProxy$VirtualFilterChain.doFilter(FilterChainProxy.java:374) ~[spring-security-web-6.3.1.jar:6.3.1]
	at org.springframework.security.web.authentication.AnonymousAuthenticationFilter.doFilter(AnonymousAuthenticationFilter.java:100) ~[spring-security-web-6.3.1.jar:6.3.1]
	at org.springframework.security.web.FilterChainProxy$VirtualFilterChain.doFilter(FilterChainProxy.java:374) ~[spring-security-web-6.3.1.jar:6.3.1]
	at org.springframework.security.web.servletapi.SecurityContextHolderAwareRequestFilter.doFilter(SecurityContextHolderAwareRequestFilter.java:179) ~[spring-security-web-6.3.1.jar:6.3.1]
	at org.springframework.security.web.FilterChainProxy$VirtualFilterChain.doFilter(FilterChainProxy.java:374) ~[spring-security-web-6.3.1.jar:6.3.1]
	at org.springframework.security.web.savedrequest.RequestCacheAwareFilter.doFilter(RequestCacheAwareFilter.java:63) ~[spring-security-web-6.3.1.jar:6.3.1]
	at org.springframework.security.web.FilterChainProxy$VirtualFilterChain.doFilter(FilterChainProxy.java:374) ~[spring-security-web-6.3.1.jar:6.3.1]
	at com.project.fmsbms.security.jwt.AuthTokenFilter.doFilterInternal(AuthTokenFilter.java:51) ~[classes/:na]
	at org.springframework.web.filter.OncePerRequestFilter.doFilter(OncePerRequestFilter.java:116) ~[spring-web-6.1.10.jar:6.1.10]
	at org.springframework.security.web.FilterChainProxy$VirtualFilterChain.doFilter(FilterChainProxy.java:374) ~[spring-security-web-6.3.1.jar:6.3.1]
	at org.springframework.security.web.authentication.logout.LogoutFilter.doFilter(LogoutFilter.java:107) ~[spring-security-web-6.3.1.jar:6.3.1]
	at org.springframework.security.web.authentication.logout.LogoutFilter.doFilter(LogoutFilter.java:93) ~[spring-security-web-6.3.1.jar:6.3.1]
	at org.springframework.security.web.FilterChainProxy$VirtualFilterChain.doFilter(FilterChainProxy.java:374) ~[spring-security-web-6.3.1.jar:6.3.1]
	at org.springframework.web.filter.CorsFilter.doFilterInternal(CorsFilter.java:91) ~[spring-web-6.1.10.jar:6.1.10]
	at org.springframework.web.filter.OncePerRequestFilter.doFilter(OncePerRequestFilter.java:116) ~[spring-web-6.1.10.jar:6.1.10]
	at org.springframework.security.web.FilterChainProxy$VirtualFilterChain.doFilter(FilterChainProxy.java:374) ~[spring-security-web-6.3.1.jar:6.3.1]
	at org.springframework.security.web.header.HeaderWriterFilter.doHeadersAfter(HeaderWriterFilter.java:90) ~[spring-security-web-6.3.1.jar:6.3.1]
	at org.springframework.security.web.header.HeaderWriterFilter.doFilterInternal(HeaderWriterFilter.java:75) ~[spring-security-web-6.3.1.jar:6.3.1]
	at org.springframework.web.filter.OncePerRequestFilter.doFilter(OncePerRequestFilter.java:116) ~[spring-web-6.1.10.jar:6.1.10]
	at org.springframework.security.web.FilterChainProxy$VirtualFilterChain.doFilter(FilterChainProxy.java:374) ~[spring-security-web-6.3.1.jar:6.3.1]
	at org.springframework.security.web.context.SecurityContextHolderFilter.doFilter(SecurityContextHolderFilter.java:82) ~[spring-security-web-6.3.1.jar:6.3.1]
	at org.springframework.security.web.context.SecurityContextHolderFilter.doFilter(SecurityContextHolderFilter.java:69) ~[spring-security-web-6.3.1.jar:6.3.1]
	at org.springframework.security.web.FilterChainProxy$VirtualFilterChain.doFilter(FilterChainProxy.java:374) ~[spring-security-web-6.3.1.jar:6.3.1]
	at org.springframework.security.web.context.request.async.WebAsyncManagerIntegrationFilter.doFilterInternal(WebAsyncManagerIntegrationFilter.java:62) ~[spring-security-web-6.3.1.jar:6.3.1]
	at org.springframework.web.filter.OncePerRequestFilter.doFilter(OncePerRequestFilter.java:116) ~[spring-web-6.1.10.jar:6.1.10]
	at org.springframework.security.web.FilterChainProxy$VirtualFilterChain.doFilter(FilterChainProxy.java:374) ~[spring-security-web-6.3.1.jar:6.3.1]
	at org.springframework.security.web.session.DisableEncodeUrlFilter.doFilterInternal(DisableEncodeUrlFilter.java:42) ~[spring-security-web-6.3.1.jar:6.3.1]
	at org.springframework.web.filter.OncePerRequestFilter.doFilter(OncePerRequestFilter.java:116) ~[spring-web-6.1.10.jar:6.1.10]
	at org.springframework.security.web.FilterChainProxy$VirtualFilterChain.doFilter(FilterChainProxy.java:374) ~[spring-security-web-6.3.1.jar:6.3.1]
	at org.springframework.security.web.FilterChainProxy.doFilterInternal(FilterChainProxy.java:233) ~[spring-security-web-6.3.1.jar:6.3.1]
	at org.springframework.security.web.FilterChainProxy.doFilter(FilterChainProxy.java:191) ~[spring-security-web-6.3.1.jar:6.3.1]
	at org.springframework.web.filter.CompositeFilter$VirtualFilterChain.doFilter(CompositeFilter.java:113) ~[spring-web-6.1.10.jar:6.1.10]
	at org.springframework.web.servlet.handler.HandlerMappingIntrospector.lambda$createCacheFilter$3(HandlerMappingIntrospector.java:195) ~[spring-webmvc-6.1.10.jar:6.1.10]
	at org.springframework.web.filter.CompositeFilter$VirtualFilterChain.doFilter(CompositeFilter.java:113) ~[spring-web-6.1.10.jar:6.1.10]
	at org.springframework.web.filter.CompositeFilter.doFilter(CompositeFilter.java:74) ~[spring-web-6.1.10.jar:6.1.10]
	at org.springframework.security.config.annotation.web.configuration.WebMvcSecurityConfiguration$CompositeFilterChainProxy.doFilter(WebMvcSecurityConfiguration.java:230) ~[spring-security-config-6.3.1.jar:6.3.1]
	at org.springframework.web.filter.DelegatingFilterProxy.invokeDelegate(DelegatingFilterProxy.java:352) ~[spring-web-6.1.10.jar:6.1.10]
	at org.springframework.web.filter.DelegatingFilterProxy.doFilter(DelegatingFilterProxy.java:268) ~[spring-web-6.1.10.jar:6.1.10]
	at org.apache.catalina.core.ApplicationFilterChain.internalDoFilter(ApplicationFilterChain.java:164) ~[tomcat-embed-core-10.1.25.jar:10.1.25]
	at org.apache.catalina.core.ApplicationFilterChain.doFilter(ApplicationFilterChain.java:140) ~[tomcat-embed-core-10.1.25.jar:10.1.25]
	at org.springframework.web.filter.RequestContextFilter.doFilterInternal(RequestContextFilter.java:100) ~[spring-web-6.1.10.jar:6.1.10]
	at org.springframework.web.filter.OncePerRequestFilter.doFilter(OncePerRequestFilter.java:116) ~[spring-web-6.1.10.jar:6.1.10]
	at org.apache.catalina.core.ApplicationFilterChain.internalDoFilter(ApplicationFilterChain.java:164) ~[tomcat-embed-core-10.1.25.jar:10.1.25]
	at org.apache.catalina.core.ApplicationFilterChain.doFilter(ApplicationFilterChain.java:140) ~[tomcat-embed-core-10.1.25.jar:10.1.25]
	at org.springframework.web.filter.FormContentFilter.doFilterInternal(FormContentFilter.java:93) ~[spring-web-6.1.10.jar:6.1.10]
	at org.springframework.web.filter.OncePerRequestFilter.doFilter(OncePerRequestFilter.java:116) ~[spring-web-6.1.10.jar:6.1.10]
	at org.apache.catalina.core.ApplicationFilterChain.internalDoFilter(ApplicationFilterChain.java:164) ~[tomcat-embed-core-10.1.25.jar:10.1.25]
	at org.apache.catalina.core.ApplicationFilterChain.doFilter(ApplicationFilterChain.java:140) ~[tomcat-embed-core-10.1.25.jar:10.1.25]
	at org.springframework.web.filter.CharacterEncodingFilter.doFilterInternal(CharacterEncodingFilter.java:201) ~[spring-web-6.1.10.jar:6.1.10]
	at org.springframework.web.filter.OncePerRequestFilter.doFilter(OncePerRequestFilter.java:116) ~[spring-web-6.1.10.jar:6.1.10]
	at org.apache.catalina.core.ApplicationFilterChain.internalDoFilter(ApplicationFilterChain.java:164) ~[tomcat-embed-core-10.1.25.jar:10.1.25]
	at org.apache.catalina.core.ApplicationFilterChain.doFilter(ApplicationFilterChain.java:140) ~[tomcat-embed-core-10.1.25.jar:10.1.25]
	at org.apache.catalina.core.StandardWrapperValve.invoke(StandardWrapperValve.java:167) ~[tomcat-embed-core-10.1.25.jar:10.1.25]
	at org.apache.catalina.core.StandardContextValve.invoke(StandardContextValve.java:90) ~[tomcat-embed-core-10.1.25.jar:10.1.25]
	at org.apache.catalina.authenticator.AuthenticatorBase.invoke(AuthenticatorBase.java:482) ~[tomcat-embed-core-10.1.25.jar:10.1.25]
	at org.apache.catalina.core.StandardHostValve.invoke(StandardHostValve.java:115) ~[tomcat-embed-core-10.1.25.jar:10.1.25]
	at org.apache.catalina.valves.ErrorReportValve.invoke(ErrorReportValve.java:93) ~[tomcat-embed-core-10.1.25.jar:10.1.25]
	at org.apache.catalina.core.StandardEngineValve.invoke(StandardEngineValve.java:74) ~[tomcat-embed-core-10.1.25.jar:10.1.25]
	at org.apache.catalina.connector.CoyoteAdapter.service(CoyoteAdapter.java:344) ~[tomcat-embed-core-10.1.25.jar:10.1.25]
	at org.apache.coyote.http11.Http11Processor.service(Http11Processor.java:389) ~[tomcat-embed-core-10.1.25.jar:10.1.25]
	at org.apache.coyote.AbstractProcessorLight.process(AbstractProcessorLight.java:63) ~[tomcat-embed-core-10.1.25.jar:10.1.25]
	at org.apache.coyote.AbstractProtocol$ConnectionHandler.process(AbstractProtocol.java:904) ~[tomcat-embed-core-10.1.25.jar:10.1.25]
	at org.apache.tomcat.util.net.NioEndpoint$SocketProcessor.doRun(NioEndpoint.java:1741) ~[tomcat-embed-core-10.1.25.jar:10.1.25]
	at org.apache.tomcat.util.net.SocketProcessorBase.run(SocketProcessorBase.java:52) ~[tomcat-embed-core-10.1.25.jar:10.1.25]
	at org.apache.tomcat.util.threads.ThreadPoolExecutor.runWorker(ThreadPoolExecutor.java:1190) ~[tomcat-embed-core-10.1.25.jar:10.1.25]
	at org.apache.tomcat.util.threads.ThreadPoolExecutor$Worker.run(ThreadPoolExecutor.java:659) ~[tomcat-embed-core-10.1.25.jar:10.1.25]
	at org.apache.tomcat.util.threads.TaskThread$WrappingRunnable.run(TaskThread.java:63) ~[tomcat-embed-core-10.1.25.jar:10.1.25]
	at java.base/java.lang.Thread.run(Thread.java:840) ~[na:na]

2024-07-03T11:43:01.209+05:30  INFO 12120 --- [fmsbms] [http-nio-8080-exec-9] c.p.f.service.UserEntityServiceImpl      : User found
2024-07-03T11:43:01.218+05:30  INFO 12120 --- [fmsbms] [http-nio-8080-exec-9] c.p.fmsbms.controller.AuthController     : signin
2024-07-03T11:43:01.221+05:30  INFO 12120 --- [fmsbms] [http-nio-8080-exec-9] c.p.f.service.UserEntityServiceImpl      : User found
2024-07-03T11:44:11.484+05:30  INFO 12120 --- [fmsbms] [http-nio-8080-exec-2] c.p.f.service.UserEntityServiceImpl      : User found
2024-07-03T11:44:11.491+05:30  INFO 12120 --- [fmsbms] [http-nio-8080-exec-2] c.p.fmsbms.service.FamilyServiceImpl     : getFamilyByUsername
2024-07-03T11:44:11.534+05:30  INFO 12120 --- [fmsbms] [http-nio-8080-exec-2] c.p.fmsbms.service.FamilyServiceImpl     : updateFamily
2024-07-03T11:44:33.764+05:30  INFO 12120 --- [fmsbms] [http-nio-8080-exec-3] c.p.f.service.UserEntityServiceImpl      : User found
2024-07-03T11:44:33.766+05:30  INFO 12120 --- [fmsbms] [http-nio-8080-exec-3] c.p.fmsbms.controller.AuthController     : signin
2024-07-03T11:44:33.781+05:30  INFO 12120 --- [fmsbms] [http-nio-8080-exec-3] c.p.f.service.UserEntityServiceImpl      : User found
2024-07-03T11:44:42.934+05:30  INFO 12120 --- [fmsbms] [http-nio-8080-exec-5] c.p.f.service.UserEntityServiceImpl      : User found
2024-07-03T11:46:39.403+05:30  INFO 12120 --- [fmsbms] [File Watcher] rtingClassPathChangeChangedEventListener : Restarting due to 1 class path change (0 additions, 0 deletions, 1 modification)
2024-07-03T11:46:39.813+05:30  INFO 12120 --- [fmsbms] [Thread-11] j.LocalContainerEntityManagerFactoryBean : Closing JPA EntityManagerFactory for persistence unit 'default'
2024-07-03T11:46:39.816+05:30  INFO 12120 --- [fmsbms] [Thread-11] com.zaxxer.hikari.HikariDataSource       : HikariPool-3 - Shutdown initiated...
2024-07-03T11:46:39.826+05:30  INFO 12120 --- [fmsbms] [Thread-11] com.zaxxer.hikari.HikariDataSource       : HikariPool-3 - Shutdown completed.
2024-07-03T11:46:39.930+05:30  INFO 12120 --- [fmsbms] [restartedMain] com.project.fmsbms.FmsbmsApplication     : Starting FmsbmsApplication using Java 17.0.9 with PID 12120 (D:\NumberPortabilityPortal\fmsbms\target\classes started by supriya.j in D:\NumberPortabilityPortal\fmsbms)
2024-07-03T11:46:39.931+05:30  INFO 12120 --- [fmsbms] [restartedMain] com.project.fmsbms.FmsbmsApplication     : No active profile set, falling back to 1 default profile: "default"
2024-07-03T11:46:40.163+05:30  INFO 12120 --- [fmsbms] [restartedMain] .s.d.r.c.RepositoryConfigurationDelegate : Bootstrapping Spring Data JPA repositories in DEFAULT mode.
2024-07-03T11:46:40.215+05:30  INFO 12120 --- [fmsbms] [restartedMain] .s.d.r.c.RepositoryConfigurationDelegate : Finished Spring Data repository scanning in 51 ms. Found 11 JPA repository interfaces.
2024-07-03T11:46:40.300+05:30  INFO 12120 --- [fmsbms] [restartedMain] o.s.b.w.embedded.tomcat.TomcatWebServer  : Tomcat initialized with port 8080 (http)
2024-07-03T11:46:40.301+05:30  INFO 12120 --- [fmsbms] [restartedMain] o.apache.catalina.core.StandardService   : Starting service [Tomcat]
2024-07-03T11:46:40.302+05:30  INFO 12120 --- [fmsbms] [restartedMain] o.apache.catalina.core.StandardEngine    : Starting Servlet engine: [Apache Tomcat/10.1.25]
2024-07-03T11:46:40.337+05:30  INFO 12120 --- [fmsbms] [restartedMain] o.a.c.c.C.[Tomcat].[localhost].[/]       : Initializing Spring embedded WebApplicationContext
2024-07-03T11:46:40.338+05:30  INFO 12120 --- [fmsbms] [restartedMain] w.s.c.ServletWebServerApplicationContext : Root WebApplicationContext: initialization completed in 405 ms
2024-07-03T11:46:40.368+05:30  INFO 12120 --- [fmsbms] [restartedMain] o.hibernate.jpa.internal.util.LogHelper  : HHH000204: Processing PersistenceUnitInfo [name: default]
2024-07-03T11:46:40.373+05:30  INFO 12120 --- [fmsbms] [restartedMain] o.h.c.internal.RegionFactoryInitiator    : HHH000026: Second-level cache disabled
2024-07-03T11:46:40.385+05:30  INFO 12120 --- [fmsbms] [restartedMain] o.s.o.j.p.SpringPersistenceUnitInfo      : No LoadTimeWeaver setup: ignoring JPA class transformer
2024-07-03T11:46:40.387+05:30  INFO 12120 --- [fmsbms] [restartedMain] com.zaxxer.hikari.HikariDataSource       : HikariPool-4 - Starting...
2024-07-03T11:46:40.404+05:30  INFO 12120 --- [fmsbms] [restartedMain] com.zaxxer.hikari.pool.HikariPool        : HikariPool-4 - Added connection com.mysql.cj.jdbc.ConnectionImpl@388788ab
2024-07-03T11:46:40.404+05:30  INFO 12120 --- [fmsbms] [restartedMain] com.zaxxer.hikari.HikariDataSource       : HikariPool-4 - Start completed.
2024-07-03T11:46:40.406+05:30  WARN 12120 --- [fmsbms] [restartedMain] org.hibernate.dialect.Dialect            : HHH000511: The 5.7.44 version for [org.hibernate.dialect.MySQLDialect] is no longer supported, hence certain features may not work properly. The minimum supported version is 8.0.0. Check the community dialects project for available legacy versions.
2024-07-03T11:46:40.406+05:30  WARN 12120 --- [fmsbms] [restartedMain] org.hibernate.orm.deprecation            : HHH90000025: MySQLDialect does not need to be specified explicitly using 'hibernate.dialect' (remove the property setting and it will be selected by default)
2024-07-03T11:46:40.635+05:30  INFO 12120 --- [fmsbms] [restartedMain] o.h.e.t.j.p.i.JtaPlatformInitiator       : HHH000489: No JTA platform available (set 'hibernate.transaction.jta.platform' to enable JTA platform integration)
2024-07-03T11:46:40.726+05:30  INFO 12120 --- [fmsbms] [restartedMain] j.LocalContainerEntityManagerFactoryBean : Initialized JPA EntityManagerFactory for persistence unit 'default'
2024-07-03T11:46:40.840+05:30  INFO 12120 --- [fmsbms] [restartedMain] eAuthenticationProviderManagerConfigurer : Global AuthenticationManager configured with AuthenticationProvider bean with name authenticationProvider
2024-07-03T11:46:40.841+05:30  WARN 12120 --- [fmsbms] [restartedMain] r$InitializeUserDetailsManagerConfigurer : Global AuthenticationManager configured with an AuthenticationProvider bean. UserDetailsService beans will not be used for username/password login. Consider removing the AuthenticationProvider bean. Alternatively, consider using the UserDetailsService in a manually instantiated DaoAuthenticationProvider.
2024-07-03T11:46:40.904+05:30  WARN 12120 --- [fmsbms] [restartedMain] JpaBaseConfiguration$JpaWebConfiguration : spring.jpa.open-in-view is enabled by default. Therefore, database queries may be performed during view rendering. Explicitly configure spring.jpa.open-in-view to disable this warning
2024-07-03T11:46:41.050+05:30  INFO 12120 --- [fmsbms] [restartedMain] o.s.b.d.a.OptionalLiveReloadServer       : LiveReload server is running on port 35729
2024-07-03T11:46:41.065+05:30  INFO 12120 --- [fmsbms] [restartedMain] o.s.b.w.embedded.tomcat.TomcatWebServer  : Tomcat started on port 8080 (http) with context path '/'
2024-07-03T11:46:41.072+05:30  INFO 12120 --- [fmsbms] [restartedMain] com.project.fmsbms.FmsbmsApplication     : Started FmsbmsApplication in 1.179 seconds (process running for 851.27)
2024-07-03T11:46:41.074+05:30  INFO 12120 --- [fmsbms] [restartedMain] .ConditionEvaluationDeltaLoggingListener : Condition evaluation unchanged
2024-07-03T11:46:42.490+05:30  INFO 12120 --- [fmsbms] [File Watcher] rtingClassPathChangeChangedEventListener : Restarting due to 1 class path change (0 additions, 0 deletions, 1 modification)
2024-07-03T11:46:42.799+05:30  INFO 12120 --- [fmsbms] [Thread-15] j.LocalContainerEntityManagerFactoryBean : Closing JPA EntityManagerFactory for persistence unit 'default'
2024-07-03T11:46:42.801+05:30  INFO 12120 --- [fmsbms] [Thread-15] com.zaxxer.hikari.HikariDataSource       : HikariPool-4 - Shutdown initiated...
2024-07-03T11:46:42.808+05:30  INFO 12120 --- [fmsbms] [Thread-15] com.zaxxer.hikari.HikariDataSource       : HikariPool-4 - Shutdown completed.
2024-07-03T11:46:42.918+05:30  INFO 12120 --- [fmsbms] [restartedMain] com.project.fmsbms.FmsbmsApplication     : Starting FmsbmsApplication using Java 17.0.9 with PID 12120 (D:\NumberPortabilityPortal\fmsbms\target\classes started by supriya.j in D:\NumberPortabilityPortal\fmsbms)
2024-07-03T11:46:42.918+05:30  INFO 12120 --- [fmsbms] [restartedMain] com.project.fmsbms.FmsbmsApplication     : No active profile set, falling back to 1 default profile: "default"
2024-07-03T11:46:43.149+05:30  INFO 12120 --- [fmsbms] [restartedMain] .s.d.r.c.RepositoryConfigurationDelegate : Bootstrapping Spring Data JPA repositories in DEFAULT mode.
2024-07-03T11:46:43.206+05:30  INFO 12120 --- [fmsbms] [restartedMain] .s.d.r.c.RepositoryConfigurationDelegate : Finished Spring Data repository scanning in 56 ms. Found 11 JPA repository interfaces.
2024-07-03T11:46:43.302+05:30  INFO 12120 --- [fmsbms] [restartedMain] o.s.b.w.embedded.tomcat.TomcatWebServer  : Tomcat initialized with port 8080 (http)
2024-07-03T11:46:43.303+05:30  INFO 12120 --- [fmsbms] [restartedMain] o.apache.catalina.core.StandardService   : Starting service [Tomcat]
2024-07-03T11:46:43.303+05:30  INFO 12120 --- [fmsbms] [restartedMain] o.apache.catalina.core.StandardEngine    : Starting Servlet engine: [Apache Tomcat/10.1.25]
2024-07-03T11:46:43.334+05:30  INFO 12120 --- [fmsbms] [restartedMain] o.a.c.c.C.[Tomcat].[localhost].[/]       : Initializing Spring embedded WebApplicationContext
2024-07-03T11:46:43.334+05:30  INFO 12120 --- [fmsbms] [restartedMain] w.s.c.ServletWebServerApplicationContext : Root WebApplicationContext: initialization completed in 414 ms
2024-07-03T11:46:43.368+05:30  INFO 12120 --- [fmsbms] [restartedMain] o.hibernate.jpa.internal.util.LogHelper  : HHH000204: Processing PersistenceUnitInfo [name: default]
2024-07-03T11:46:43.372+05:30  INFO 12120 --- [fmsbms] [restartedMain] o.h.c.internal.RegionFactoryInitiator    : HHH000026: Second-level cache disabled
2024-07-03T11:46:43.381+05:30  INFO 12120 --- [fmsbms] [restartedMain] o.s.o.j.p.SpringPersistenceUnitInfo      : No LoadTimeWeaver setup: ignoring JPA class transformer
2024-07-03T11:46:43.382+05:30  INFO 12120 --- [fmsbms] [restartedMain] com.zaxxer.hikari.HikariDataSource       : HikariPool-5 - Starting...
2024-07-03T11:46:43.393+05:30  INFO 12120 --- [fmsbms] [restartedMain] com.zaxxer.hikari.pool.HikariPool        : HikariPool-5 - Added connection com.mysql.cj.jdbc.ConnectionImpl@49e38cac
2024-07-03T11:46:43.393+05:30  INFO 12120 --- [fmsbms] [restartedMain] com.zaxxer.hikari.HikariDataSource       : HikariPool-5 - Start completed.
2024-07-03T11:46:43.394+05:30  WARN 12120 --- [fmsbms] [restartedMain] org.hibernate.dialect.Dialect            : HHH000511: The 5.7.44 version for [org.hibernate.dialect.MySQLDialect] is no longer supported, hence certain features may not work properly. The minimum supported version is 8.0.0. Check the community dialects project for available legacy versions.
2024-07-03T11:46:43.395+05:30  WARN 12120 --- [fmsbms] [restartedMain] org.hibernate.orm.deprecation            : HHH90000025: MySQLDialect does not need to be specified explicitly using 'hibernate.dialect' (remove the property setting and it will be selected by default)
2024-07-03T11:46:43.535+05:30  INFO 12120 --- [fmsbms] [restartedMain] o.h.e.t.j.p.i.JtaPlatformInitiator       : HHH000489: No JTA platform available (set 'hibernate.transaction.jta.platform' to enable JTA platform integration)
2024-07-03T11:46:43.609+05:30  INFO 12120 --- [fmsbms] [restartedMain] j.LocalContainerEntityManagerFactoryBean : Initialized JPA EntityManagerFactory for persistence unit 'default'
2024-07-03T11:46:43.692+05:30  INFO 12120 --- [fmsbms] [restartedMain] eAuthenticationProviderManagerConfigurer : Global AuthenticationManager configured with AuthenticationProvider bean with name authenticationProvider
2024-07-03T11:46:43.697+05:30  WARN 12120 --- [fmsbms] [restartedMain] r$InitializeUserDetailsManagerConfigurer : Global AuthenticationManager configured with an AuthenticationProvider bean. UserDetailsService beans will not be used for username/password login. Consider removing the AuthenticationProvider bean. Alternatively, consider using the UserDetailsService in a manually instantiated DaoAuthenticationProvider.
2024-07-03T11:46:43.739+05:30  WARN 12120 --- [fmsbms] [restartedMain] JpaBaseConfiguration$JpaWebConfiguration : spring.jpa.open-in-view is enabled by default. Therefore, database queries may be performed during view rendering. Explicitly configure spring.jpa.open-in-view to disable this warning
2024-07-03T11:46:43.856+05:30  INFO 12120 --- [fmsbms] [restartedMain] o.s.b.d.a.OptionalLiveReloadServer       : LiveReload server is running on port 35729
2024-07-03T11:46:43.872+05:30  INFO 12120 --- [fmsbms] [restartedMain] o.s.b.w.embedded.tomcat.TomcatWebServer  : Tomcat started on port 8080 (http) with context path '/'
2024-07-03T11:46:43.877+05:30  INFO 12120 --- [fmsbms] [restartedMain] com.project.fmsbms.FmsbmsApplication     : Started FmsbmsApplication in 0.999 seconds (process running for 854.076)
2024-07-03T11:46:43.879+05:30  INFO 12120 --- [fmsbms] [restartedMain] .ConditionEvaluationDeltaLoggingListener : Condition evaluation unchanged
2024-07-03T11:47:21.182+05:30  INFO 12120 --- [fmsbms] [http-nio-8080-exec-1] o.a.c.c.C.[Tomcat].[localhost].[/]       : Initializing Spring DispatcherServlet 'dispatcherServlet'
2024-07-03T11:47:21.182+05:30  INFO 12120 --- [fmsbms] [http-nio-8080-exec-1] o.s.web.servlet.DispatcherServlet        : Initializing Servlet 'dispatcherServlet'
2024-07-03T11:47:21.197+05:30  INFO 12120 --- [fmsbms] [http-nio-8080-exec-1] o.s.web.servlet.DispatcherServlet        : Completed initialization in 15 ms
2024-07-03T11:47:21.214+05:30  INFO 12120 --- [fmsbms] [http-nio-8080-exec-1] c.p.f.service.UserEntityServiceImpl      : User found
2024-07-03T11:48:53.746+05:30  INFO 12120 --- [fmsbms] [http-nio-8080-exec-3] c.p.f.service.UserEntityServiceImpl      : User found
2024-07-03T11:48:59.208+05:30  INFO 12120 --- [fmsbms] [RMI TCP Connection(20)-127.0.0.1] inMXBeanRegistrar$SpringApplicationAdmin : Application shutdown requested.
2024-07-03T11:48:59.848+05:30  INFO 12120 --- [fmsbms] [RMI TCP Connection(20)-127.0.0.1] j.LocalContainerEntityManagerFactoryBean : Closing JPA EntityManagerFactory for persistence unit 'default'
2024-07-03T11:48:59.848+05:30  INFO 12120 --- [fmsbms] [RMI TCP Connection(20)-127.0.0.1] com.zaxxer.hikari.HikariDataSource       : HikariPool-5 - Shutdown initiated...
2024-07-03T11:48:59.861+05:30  INFO 12120 --- [fmsbms] [RMI TCP Connection(20)-127.0.0.1] com.zaxxer.hikari.HikariDataSource       : HikariPool-5 - Shutdown completed.
2024-07-03T11:50:13.897+05:30  INFO 13804 --- [fmsbms] [main] c.project.fmsbms.FmsbmsApplicationTests  : Starting FmsbmsApplicationTests using Java 17.0.9 with PID 13804 (started by supriya.j in D:\NumberPortabilityPortal\fmsbms)
2024-07-03T11:50:13.901+05:30  INFO 13804 --- [fmsbms] [main] c.project.fmsbms.FmsbmsApplicationTests  : No active profile set, falling back to 1 default profile: "default"
2024-07-03T11:50:15.941+05:30  INFO 13804 --- [fmsbms] [main] .s.d.r.c.RepositoryConfigurationDelegate : Bootstrapping Spring Data JPA repositories in DEFAULT mode.
2024-07-03T11:50:16.122+05:30  INFO 13804 --- [fmsbms] [main] .s.d.r.c.RepositoryConfigurationDelegate : Finished Spring Data repository scanning in 160 ms. Found 11 JPA repository interfaces.
2024-07-03T11:50:17.163+05:30  INFO 13804 --- [fmsbms] [main] o.hibernate.jpa.internal.util.LogHelper  : HHH000204: Processing PersistenceUnitInfo [name: default]
2024-07-03T11:50:17.291+05:30  INFO 13804 --- [fmsbms] [main] org.hibernate.Version                    : HHH000412: Hibernate ORM core version 6.5.2.Final
2024-07-03T11:50:17.420+05:30  INFO 13804 --- [fmsbms] [main] o.h.c.internal.RegionFactoryInitiator    : HHH000026: Second-level cache disabled
2024-07-03T11:50:18.367+05:30  INFO 13804 --- [fmsbms] [main] o.s.o.j.p.SpringPersistenceUnitInfo      : No LoadTimeWeaver setup: ignoring JPA class transformer
2024-07-03T11:50:18.453+05:30  INFO 13804 --- [fmsbms] [main] com.zaxxer.hikari.HikariDataSource       : HikariPool-1 - Starting...
2024-07-03T11:50:19.179+05:30  INFO 13804 --- [fmsbms] [main] com.zaxxer.hikari.pool.HikariPool        : HikariPool-1 - Added connection com.mysql.cj.jdbc.ConnectionImpl@40edb274
2024-07-03T11:50:19.183+05:30  INFO 13804 --- [fmsbms] [main] com.zaxxer.hikari.HikariDataSource       : HikariPool-1 - Start completed.
2024-07-03T11:50:19.260+05:30  WARN 13804 --- [fmsbms] [main] org.hibernate.dialect.Dialect            : HHH000511: The 5.7.44 version for [org.hibernate.dialect.MySQLDialect] is no longer supported, hence certain features may not work properly. The minimum supported version is 8.0.0. Check the community dialects project for available legacy versions.
2024-07-03T11:50:19.270+05:30  WARN 13804 --- [fmsbms] [main] org.hibernate.orm.deprecation            : HHH90000025: MySQLDialect does not need to be specified explicitly using 'hibernate.dialect' (remove the property setting and it will be selected by default)
2024-07-03T11:50:21.211+05:30  INFO 13804 --- [fmsbms] [main] o.h.e.t.j.p.i.JtaPlatformInitiator       : HHH000489: No JTA platform available (set 'hibernate.transaction.jta.platform' to enable JTA platform integration)
2024-07-03T11:50:21.538+05:30  INFO 13804 --- [fmsbms] [main] j.LocalContainerEntityManagerFactoryBean : Initialized JPA EntityManagerFactory for persistence unit 'default'
2024-07-03T11:50:22.568+05:30  INFO 13804 --- [fmsbms] [main] eAuthenticationProviderManagerConfigurer : Global AuthenticationManager configured with AuthenticationProvider bean with name authenticationProvider
2024-07-03T11:50:22.570+05:30  WARN 13804 --- [fmsbms] [main] r$InitializeUserDetailsManagerConfigurer : Global AuthenticationManager configured with an AuthenticationProvider bean. UserDetailsService beans will not be used for username/password login. Consider removing the AuthenticationProvider bean. Alternatively, consider using the UserDetailsService in a manually instantiated DaoAuthenticationProvider.
2024-07-03T11:50:22.862+05:30  WARN 13804 --- [fmsbms] [main] JpaBaseConfiguration$JpaWebConfiguration : spring.jpa.open-in-view is enabled by default. Therefore, database queries may be performed during view rendering. Explicitly configure spring.jpa.open-in-view to disable this warning
2024-07-03T11:50:24.154+05:30  INFO 13804 --- [fmsbms] [main] c.project.fmsbms.FmsbmsApplicationTests  : Started FmsbmsApplicationTests in 11.081 seconds (process running for 14.202)
2024-07-03T11:50:25.647+05:30  INFO 13804 --- [fmsbms] [SpringApplicationShutdownHook] j.LocalContainerEntityManagerFactoryBean : Closing JPA EntityManagerFactory for persistence unit 'default'
2024-07-03T11:50:25.658+05:30  INFO 13804 --- [fmsbms] [SpringApplicationShutdownHook] com.zaxxer.hikari.HikariDataSource       : HikariPool-1 - Shutdown initiated...
2024-07-03T11:50:25.669+05:30  INFO 13804 --- [fmsbms] [SpringApplicationShutdownHook] com.zaxxer.hikari.HikariDataSource       : HikariPool-1 - Shutdown completed.
2024-07-03T11:50:39.118+05:30  INFO 16808 --- [fmsbms] [restartedMain] com.project.fmsbms.FmsbmsApplication     : Starting FmsbmsApplication using Java 17.0.9 with PID 16808 (D:\NumberPortabilityPortal\fmsbms\target\classes started by supriya.j in D:\NumberPortabilityPortal\fmsbms)
2024-07-03T11:50:39.122+05:30  INFO 16808 --- [fmsbms] [restartedMain] com.project.fmsbms.FmsbmsApplication     : No active profile set, falling back to 1 default profile: "default"
2024-07-03T11:50:39.184+05:30  INFO 16808 --- [fmsbms] [restartedMain] .e.DevToolsPropertyDefaultsPostProcessor : Devtools property defaults active! Set 'spring.devtools.add-properties' to 'false' to disable
2024-07-03T11:50:39.185+05:30  INFO 16808 --- [fmsbms] [restartedMain] .e.DevToolsPropertyDefaultsPostProcessor : For additional web related logging consider setting the 'logging.level.web' property to 'DEBUG'
2024-07-03T11:50:40.167+05:30  INFO 16808 --- [fmsbms] [restartedMain] .s.d.r.c.RepositoryConfigurationDelegate : Bootstrapping Spring Data JPA repositories in DEFAULT mode.
2024-07-03T11:50:40.316+05:30  INFO 16808 --- [fmsbms] [restartedMain] .s.d.r.c.RepositoryConfigurationDelegate : Finished Spring Data repository scanning in 136 ms. Found 11 JPA repository interfaces.
2024-07-03T11:50:40.946+05:30  INFO 16808 --- [fmsbms] [restartedMain] o.s.b.w.embedded.tomcat.TomcatWebServer  : Tomcat initialized with port 8080 (http)
2024-07-03T11:50:40.960+05:30  INFO 16808 --- [fmsbms] [restartedMain] o.apache.catalina.core.StandardService   : Starting service [Tomcat]
2024-07-03T11:50:40.961+05:30  INFO 16808 --- [fmsbms] [restartedMain] o.apache.catalina.core.StandardEngine    : Starting Servlet engine: [Apache Tomcat/10.1.25]
2024-07-03T11:50:41.042+05:30  INFO 16808 --- [fmsbms] [restartedMain] o.a.c.c.C.[Tomcat].[localhost].[/]       : Initializing Spring embedded WebApplicationContext
2024-07-03T11:50:41.043+05:30  INFO 16808 --- [fmsbms] [restartedMain] w.s.c.ServletWebServerApplicationContext : Root WebApplicationContext: initialization completed in 1857 ms
2024-07-03T11:50:41.216+05:30  INFO 16808 --- [fmsbms] [restartedMain] o.hibernate.jpa.internal.util.LogHelper  : HHH000204: Processing PersistenceUnitInfo [name: default]
2024-07-03T11:50:41.290+05:30  INFO 16808 --- [fmsbms] [restartedMain] org.hibernate.Version                    : HHH000412: Hibernate ORM core version 6.5.2.Final
2024-07-03T11:50:41.347+05:30  INFO 16808 --- [fmsbms] [restartedMain] o.h.c.internal.RegionFactoryInitiator    : HHH000026: Second-level cache disabled
2024-07-03T11:50:41.823+05:30  INFO 16808 --- [fmsbms] [restartedMain] o.s.o.j.p.SpringPersistenceUnitInfo      : No LoadTimeWeaver setup: ignoring JPA class transformer
2024-07-03T11:50:41.888+05:30  INFO 16808 --- [fmsbms] [restartedMain] com.zaxxer.hikari.HikariDataSource       : HikariPool-1 - Starting...
2024-07-03T11:50:42.367+05:30  INFO 16808 --- [fmsbms] [restartedMain] com.zaxxer.hikari.pool.HikariPool        : HikariPool-1 - Added connection com.mysql.cj.jdbc.ConnectionImpl@47605ba8
2024-07-03T11:50:42.369+05:30  INFO 16808 --- [fmsbms] [restartedMain] com.zaxxer.hikari.HikariDataSource       : HikariPool-1 - Start completed.
2024-07-03T11:50:42.431+05:30  WARN 16808 --- [fmsbms] [restartedMain] org.hibernate.dialect.Dialect            : HHH000511: The 5.7.44 version for [org.hibernate.dialect.MySQLDialect] is no longer supported, hence certain features may not work properly. The minimum supported version is 8.0.0. Check the community dialects project for available legacy versions.
2024-07-03T11:50:42.439+05:30  WARN 16808 --- [fmsbms] [restartedMain] org.hibernate.orm.deprecation            : HHH90000025: MySQLDialect does not need to be specified explicitly using 'hibernate.dialect' (remove the property setting and it will be selected by default)
2024-07-03T11:50:43.825+05:30  INFO 16808 --- [fmsbms] [restartedMain] o.h.e.t.j.p.i.JtaPlatformInitiator       : HHH000489: No JTA platform available (set 'hibernate.transaction.jta.platform' to enable JTA platform integration)
2024-07-03T11:50:43.997+05:30  INFO 16808 --- [fmsbms] [restartedMain] j.LocalContainerEntityManagerFactoryBean : Initialized JPA EntityManagerFactory for persistence unit 'default'
2024-07-03T11:50:44.430+05:30  INFO 16808 --- [fmsbms] [restartedMain] eAuthenticationProviderManagerConfigurer : Global AuthenticationManager configured with AuthenticationProvider bean with name authenticationProvider
2024-07-03T11:50:44.431+05:30  WARN 16808 --- [fmsbms] [restartedMain] r$InitializeUserDetailsManagerConfigurer : Global AuthenticationManager configured with an AuthenticationProvider bean. UserDetailsService beans will not be used for username/password login. Consider removing the AuthenticationProvider bean. Alternatively, consider using the UserDetailsService in a manually instantiated DaoAuthenticationProvider.
2024-07-03T11:50:44.610+05:30  WARN 16808 --- [fmsbms] [restartedMain] JpaBaseConfiguration$JpaWebConfiguration : spring.jpa.open-in-view is enabled by default. Therefore, database queries may be performed during view rendering. Explicitly configure spring.jpa.open-in-view to disable this warning
2024-07-03T11:50:45.189+05:30  INFO 16808 --- [fmsbms] [restartedMain] o.s.b.d.a.OptionalLiveReloadServer       : LiveReload server is running on port 35729
2024-07-03T11:50:45.247+05:30  INFO 16808 --- [fmsbms] [restartedMain] o.s.b.w.embedded.tomcat.TomcatWebServer  : Tomcat started on port 8080 (http) with context path '/'
2024-07-03T11:50:45.259+05:30  INFO 16808 --- [fmsbms] [restartedMain] com.project.fmsbms.FmsbmsApplication     : Started FmsbmsApplication in 6.594 seconds (process running for 7.711)
2024-07-03T11:51:03.719+05:30  INFO 16808 --- [fmsbms] [http-nio-8080-exec-1] o.a.c.c.C.[Tomcat].[localhost].[/]       : Initializing Spring DispatcherServlet 'dispatcherServlet'
2024-07-03T11:51:03.719+05:30  INFO 16808 --- [fmsbms] [http-nio-8080-exec-1] o.s.web.servlet.DispatcherServlet        : Initializing Servlet 'dispatcherServlet'
2024-07-03T11:51:03.721+05:30  INFO 16808 --- [fmsbms] [http-nio-8080-exec-1] o.s.web.servlet.DispatcherServlet        : Completed initialization in 1 ms
2024-07-03T11:51:05.440+05:30  INFO 16808 --- [fmsbms] [http-nio-8080-exec-8] o.springdoc.api.AbstractOpenApiResource  : Init duration for springdoc-openapi is: 1128 ms
2024-07-03T11:51:17.276+05:30  INFO 16808 --- [fmsbms] [http-nio-8080-exec-9] c.p.fmsbms.controller.AuthController     : signin
2024-07-03T11:51:17.838+05:30  INFO 16808 --- [fmsbms] [http-nio-8080-exec-9] c.p.f.service.UserEntityServiceImpl      : User found
2024-07-03T11:52:05.501+05:30  INFO 16808 --- [fmsbms] [http-nio-8080-exec-5] c.p.f.service.UserEntityServiceImpl      : User found
2024-07-03T11:52:05.517+05:30  INFO 16808 --- [fmsbms] [http-nio-8080-exec-5] c.p.fmsbms.service.FamilyServiceImpl     : getFamilyByUsername
2024-07-03T11:52:05.636+05:30  INFO 16808 --- [fmsbms] [http-nio-8080-exec-5] c.p.fmsbms.service.FamilyServiceImpl     : updateFamily
2024-07-03T11:52:34.995+05:30  INFO 16808 --- [fmsbms] [http-nio-8080-exec-4] c.p.f.service.UserEntityServiceImpl      : User found
2024-07-03T11:52:35.008+05:30  INFO 16808 --- [fmsbms] [http-nio-8080-exec-4] c.p.fmsbms.controller.AuthController     : signin
2024-07-03T11:52:35.014+05:30  INFO 16808 --- [fmsbms] [http-nio-8080-exec-4] c.p.f.service.UserEntityServiceImpl      : User found
2024-07-03T11:53:04.768+05:30  INFO 16808 --- [fmsbms] [http-nio-8080-exec-6] c.p.f.service.UserEntityServiceImpl      : User found
2024-07-03T11:53:04.782+05:30  INFO 16808 --- [fmsbms] [http-nio-8080-exec-6] c.p.fmsbms.service.FamilyServiceImpl     : getFamilyByUsername
2024-07-03T11:53:04.837+05:30  INFO 16808 --- [fmsbms] [http-nio-8080-exec-6] c.p.f.service.FamilyMemberServiceImpl    : addMember
2024-07-03T11:53:04.845+05:30  INFO 16808 --- [fmsbms] [http-nio-8080-exec-6] c.p.f.service.FamilyMemberServiceImpl    : addMember
2024-07-03T11:53:04.853+05:30  INFO 16808 --- [fmsbms] [http-nio-8080-exec-6] c.p.f.service.FamilyMemberServiceImpl    : addMember
2024-07-03T11:53:25.839+05:30  INFO 16808 --- [fmsbms] [http-nio-8080-exec-7] c.p.f.service.UserEntityServiceImpl      : User found
2024-07-03T11:53:25.863+05:30  INFO 16808 --- [fmsbms] [http-nio-8080-exec-7] c.p.fmsbms.service.FamilyServiceImpl     : getFamilyByUsername
2024-07-03T11:53:25.890+05:30  INFO 16808 --- [fmsbms] [http-nio-8080-exec-7] c.p.f.service.FamilyMemberServiceImpl    : addMember
2024-07-03T11:53:25.901+05:30  INFO 16808 --- [fmsbms] [http-nio-8080-exec-7] c.p.f.service.FamilyMemberServiceImpl    : addMember
2024-07-03T11:53:25.909+05:30  INFO 16808 --- [fmsbms] [http-nio-8080-exec-7] c.p.f.service.FamilyMemberServiceImpl    : addMember
2024-07-03T11:53:25.915+05:30  INFO 16808 --- [fmsbms] [http-nio-8080-exec-7] c.p.f.service.FamilyMemberServiceImpl    : addMember
2024-07-03T11:53:25.922+05:30  INFO 16808 --- [fmsbms] [http-nio-8080-exec-7] c.p.f.service.FamilyMemberServiceImpl    : addMember
2024-07-03T13:18:52.431+05:30  WARN 16808 --- [fmsbms] [HikariPool-1 housekeeper] com.zaxxer.hikari.pool.HikariPool        : HikariPool-1 - Thread starvation or clock leap detected (housekeeper delta=1h17m39s788ms975s999ns).
2024-07-03T13:19:35.854+05:30  INFO 16808 --- [fmsbms] [RMI TCP Connection(15)-127.0.0.1] inMXBeanRegistrar$SpringApplicationAdmin : Application shutdown requested.
2024-07-03T13:19:36.426+05:30  INFO 16808 --- [fmsbms] [RMI TCP Connection(15)-127.0.0.1] j.LocalContainerEntityManagerFactoryBean : Closing JPA EntityManagerFactory for persistence unit 'default'
2024-07-03T13:19:36.429+05:30  INFO 16808 --- [fmsbms] [RMI TCP Connection(15)-127.0.0.1] com.zaxxer.hikari.HikariDataSource       : HikariPool-1 - Shutdown initiated...
2024-07-03T13:19:36.443+05:30  INFO 16808 --- [fmsbms] [RMI TCP Connection(15)-127.0.0.1] com.zaxxer.hikari.HikariDataSource       : HikariPool-1 - Shutdown completed.
